#
# A fatal error has been detected by the Java Runtime Environment:
#
#  EXCEPTION_ACCESS_VIOLATION (0xc0000005) at pc=0x000000000549b858, pid=18232, tid=0x0000000000004618
#
# JRE version: Java(TM) SE Runtime Environment (8.0_161-b12) (build 1.8.0_161-b12)
# Java VM: Java HotSpot(TM) 64-Bit Server VM (25.161-b12 mixed mode windows-amd64 compressed oops)
# Problematic frame:
# J 3396 C2 ImageUtils$.matToString(Lorg/bytedeco/javacpp/opencv_core$Mat;)Lscala/collection/immutable/List; (217 bytes) @ 0x000000000549b858 [0x000000000549a6c0+0x1198]
#
# Failed to write core dump. Minidumps are not enabled by default on client versions of Windows
#
# If you would like to submit a bug report, please visit:
#   http://bugreport.java.com/bugreport/crash.jsp
#

---------------  T H R E A D  ---------------

Current thread (0x00000000238dd800):  JavaThread "Executor task launch worker-1" daemon [_thread_in_Java, id=17944, stack(0x000000002bf10000,0x000000002c010000)]

siginfo: ExceptionCode=0xc0000005, reading address 0x0000000022743f94

Registers:
RAX=0x0000000000000005, RBX=0x0000000000000003, RCX=0x0000000022fab000, RDX=0x000000002c00ed50
RSP=0x000000002c00ed70, RBP=0x00000000ffffffff, RSI=0x0000000000000004, RDI=0x0000000000000000
R8 =0x0000000787833680, R9 =0x000000000000d700, R10=0x0000000022743f94, R11=0x0000000022743f94
R12=0x0000000000000000, R13=0x0000000000000001, R14=0x000000002c00ed50, R15=0x00000000238dd800
RIP=0x000000000549b858, EFLAGS=0x0000000000010202

Top of Stack: (sp=0x000000002c00ed70)
0x000000002c00ed70:   000000002c00f8f8 000000001de67c38
0x000000002c00ed80:   00000007867b95a0 00000006c1c53c58
0x000000002c00ed90:   000000076b41d698 00000006c1f59058
0x000000002c00eda0:   00000007c0083280 0000002d0000018b
0x000000002c00edb0:   00000007c00fc3e0 0000000787820580
0x000000002c00edc0:   00000007878205c0 0000007f00000080
0x000000002c00edd0:   000001ad000001ae 00000080000001ae
0x000000002c00ede0:   000000c20000c5ad 00000007c000da58
0x000000002c00edf0:   7ff8000000000000 ed683ad3000000c2
0x000000002c00ee00:   0000000000000004 000000076b41dda0
0x000000002c00ee10:   000000000000001f 000316006b41ddd0
0x000000002c00ee20:   000000076b41ddd0 000000076b41d698
0x000000002c00ee30:   0000011e0000011e 00000007867b92a8
0x000000002c00ee40:   00000007867b9308 00000010867b91e8
0x000000002c00ee50:   00000007867b9248 00000007867b90a8
0x000000002c00ee60:   000000002c00f020 0000000004a7edb4 

Instructions: (pc=0x000000000549b858)
0x000000000549b838:   d1 18 00 00 45 3b d1 0f 8d 88 19 00 00 4d 8b 50
0x000000000549b848:   10 4c 63 5c 24 70 49 c1 e3 02 4d 03 da 4d 8b d3
0x000000000549b858:   c4 c1 7a 5a 02 e9 b0 f4 ff ff 48 8b 54 24 48 48
0x000000000549b868:   bd 48 90 f5 c1 06 00 00 00 66 90 e8 28 a9 4d ff 


Register to memory mapping:

RAX=0x0000000000000005 is an unknown value
RBX=0x0000000000000003 is an unknown value
RCX=0x0000000022fab000 is an unknown value
RDX=0x000000002c00ed50 is pointing into the stack for thread: 0x00000000238dd800
RSP=0x000000002c00ed70 is pointing into the stack for thread: 0x00000000238dd800
RBP=0x00000000ffffffff is an unknown value
RSI=0x0000000000000004 is an unknown value
RDI=0x0000000000000000 is an unknown value
R8 =0x0000000787833680 is an oop
java.nio.DirectFloatBufferU 
 - klass: 'java/nio/DirectFloatBufferU'
R9 =0x000000000000d700 is an unknown value
R10=0x0000000022743f94 is an unknown value
R11=0x0000000022743f94 is an unknown value
R12=0x0000000000000000 is an unknown value
R13=0x0000000000000001 is an unknown value
R14=0x000000002c00ed50 is pointing into the stack for thread: 0x00000000238dd800
R15=0x00000000238dd800 is a thread


Stack: [0x000000002bf10000,0x000000002c010000],  sp=0x000000002c00ed70,  free space=1019k
Native frames: (J=compiled Java code, j=interpreted, Vv=VM code, C=native code)
C  0x000000000549b858


---------------  P R O C E S S  ---------------

Java Threads: ( => current thread )
=>0x00000000238dd800 JavaThread "Executor task launch worker-1" daemon [_thread_in_Java, id=17944, stack(0x000000002bf10000,0x000000002c010000)]
  0x00000000238dc800 JavaThread "Executor task launch worker-0" daemon [_thread_in_Java, id=17644, stack(0x000000002be10000,0x000000002bf10000)]
  0x00000000238df800 JavaThread "SparkListenerBus" daemon [_thread_blocked, id=18004, stack(0x000000002b740000,0x000000002b840000)]
  0x00000000238db000 JavaThread "context-cleaner-periodic-gc" daemon [_thread_blocked, id=3672, stack(0x000000002b640000,0x000000002b740000)]
  0x00000000238df000 JavaThread "Spark Context Cleaner" daemon [_thread_blocked, id=17140, stack(0x000000002b540000,0x000000002b640000)]
  0x00000000238da800 JavaThread "shuffle-server-0" daemon [_thread_in_native, id=17564, stack(0x000000002a080000,0x000000002a180000)]
  0x0000000022db2000 JavaThread "driver-heartbeater" daemon [_thread_blocked, id=2008, stack(0x0000000029f80000,0x000000002a080000)]
  0x0000000022db4800 JavaThread "dag-scheduler-event-loop" daemon [_thread_blocked, id=7728, stack(0x0000000029e80000,0x0000000029f80000)]
  0x0000000022db7800 JavaThread "netty-rpc-env-timeout" daemon [_thread_blocked, id=16804, stack(0x00000000289c0000,0x0000000028ac0000)]
  0x0000000022db1800 JavaThread "Timer-0" daemon [_thread_blocked, id=18092, stack(0x00000000288c0000,0x00000000289c0000)]
  0x0000000022db0000 JavaThread "heartbeat-receiver-event-loop-thread" daemon [_thread_blocked, id=17840, stack(0x00000000287c0000,0x00000000288c0000)]
  0x0000000022db6000 JavaThread "qtp1690050988-66" daemon [_thread_blocked, id=17616, stack(0x00000000276f0000,0x00000000277f0000)]
  0x0000000022db3800 JavaThread "qtp1690050988-65" daemon [_thread_blocked, id=17420, stack(0x00000000275f0000,0x00000000276f0000)]
  0x0000000022db6800 JavaThread "qtp1690050988-64" daemon [_thread_blocked, id=17888, stack(0x00000000274f0000,0x00000000275f0000)]
  0x0000000022db3000 JavaThread "qtp1690050988-63" daemon [_thread_blocked, id=7264, stack(0x00000000273f0000,0x00000000274f0000)]
  0x0000000022db0800 JavaThread "qtp1690050988-62 Acceptor0 SelectChannelConnector@0.0.0.0:4040" daemon [_thread_in_native, id=18132, stack(0x00000000272f0000,0x00000000273f0000)]
  0x0000000022daf000 JavaThread "qtp1690050988-61 Acceptor1 SelectChannelConnector@0.0.0.0:4040" daemon [_thread_blocked, id=4244, stack(0x00000000271f0000,0x00000000272f0000)]
  0x0000000022dae800 JavaThread "qtp1690050988-60 Selector1" daemon [_thread_in_native, id=1104, stack(0x00000000270f0000,0x00000000271f0000)]
  0x0000000022db5000 JavaThread "qtp1690050988-59 Selector0" daemon [_thread_in_native, id=3504, stack(0x0000000026ff0000,0x00000000270f0000)]
  0x0000000022daa000 JavaThread "refresh progress" daemon [_thread_blocked, id=17448, stack(0x0000000026be0000,0x0000000026ce0000)]
  0x0000000022dad800 JavaThread "SPARK_CONTEXT cleanup timer" daemon [_thread_blocked, id=18396, stack(0x0000000026ae0000,0x0000000026be0000)]
  0x0000000022da9000 JavaThread "BROADCAST_VARS cleanup timer" daemon [_thread_blocked, id=4212, stack(0x00000000269e0000,0x0000000026ae0000)]
  0x0000000022dad000 JavaThread "BLOCK_MANAGER cleanup timer" daemon [_thread_blocked, id=7528, stack(0x00000000268e0000,0x00000000269e0000)]
  0x0000000022dab800 JavaThread "MAP_OUTPUT_TRACKER cleanup timer" daemon [_thread_blocked, id=416, stack(0x00000000265e0000,0x00000000266e0000)]
  0x0000000022da8800 JavaThread "New I/O server boss #6" daemon [_thread_in_native, id=12644, stack(0x00000000264e0000,0x00000000265e0000)]
  0x0000000022dac000 JavaThread "New I/O worker #5" daemon [_thread_in_native, id=11628, stack(0x00000000263e0000,0x00000000264e0000)]
  0x0000000022daa800 JavaThread "New I/O worker #4" daemon [_thread_in_native, id=17440, stack(0x00000000262e0000,0x00000000263e0000)]
  0x000000002026c800 JavaThread "New I/O boss #3" daemon [_thread_in_native, id=17948, stack(0x00000000261e0000,0x00000000262e0000)]
  0x000000002026a800 JavaThread "New I/O worker #2" daemon [_thread_in_native, id=1836, stack(0x00000000260e0000,0x00000000261e0000)]
  0x0000000020269800 JavaThread "New I/O worker #1" daemon [_thread_in_native, id=18140, stack(0x0000000025fe0000,0x00000000260e0000)]
  0x0000000020269000 JavaThread "sparkDriverActorSystem-akka.remote.default-remote-dispatcher-6" daemon [_thread_blocked, id=17624, stack(0x0000000025ee0000,0x0000000025fe0000)]
  0x000000002026e000 JavaThread "sparkDriverActorSystem-akka.remote.default-remote-dispatcher-5" daemon [_thread_blocked, id=17480, stack(0x0000000025be0000,0x0000000025ce0000)]
  0x000000002026b000 JavaThread "sparkDriverActorSystem-akka.actor.default-dispatcher-4" daemon [_thread_blocked, id=18256, stack(0x0000000025ae0000,0x0000000025be0000)]
  0x0000000020268000 JavaThread "sparkDriverActorSystem-akka.actor.default-dispatcher-3" daemon [_thread_blocked, id=18024, stack(0x00000000259e0000,0x0000000025ae0000)]
  0x000000002026c000 JavaThread "sparkDriverActorSystem-akka.actor.default-dispatcher-2" daemon [_thread_blocked, id=17828, stack(0x00000000258e0000,0x00000000259e0000)]
  0x000000002026d800 JavaThread "sparkDriverActorSystem-scheduler-1" daemon [_thread_blocked, id=18064, stack(0x00000000257e0000,0x00000000258e0000)]
  0x000000002026f000 JavaThread "shuffle-server-0" daemon [_thread_in_native, id=17668, stack(0x00000000254e0000,0x00000000255e0000)]
  0x000000002234b000 JavaThread "dispatcher-event-loop-7" daemon [_thread_blocked, id=16964, stack(0x00000000250e0000,0x00000000251e0000)]
  0x000000002234a000 JavaThread "dispatcher-event-loop-6" daemon [_thread_blocked, id=18400, stack(0x0000000024fe0000,0x00000000250e0000)]
  0x0000000022349800 JavaThread "dispatcher-event-loop-5" daemon [_thread_blocked, id=18220, stack(0x0000000024de0000,0x0000000024ee0000)]
  0x0000000022346800 JavaThread "dispatcher-event-loop-4" daemon [_thread_blocked, id=8072, stack(0x0000000024ce0000,0x0000000024de0000)]
  0x0000000022343800 JavaThread "dispatcher-event-loop-3" daemon [_thread_blocked, id=18348, stack(0x0000000024be0000,0x0000000024ce0000)]
  0x0000000022340800 JavaThread "dispatcher-event-loop-2" daemon [_thread_blocked, id=18148, stack(0x0000000024ae0000,0x0000000024be0000)]
  0x000000002233f800 JavaThread "dispatcher-event-loop-1" daemon [_thread_blocked, id=12052, stack(0x00000000249e0000,0x0000000024ae0000)]
  0x000000002233f000 JavaThread "dispatcher-event-loop-0" daemon [_thread_blocked, id=14544, stack(0x00000000240e0000,0x00000000241e0000)]
  0x00000000210c3800 JavaThread "Service Thread" daemon [_thread_blocked, id=2556, stack(0x0000000021800000,0x0000000021900000)]
  0x000000002100e000 JavaThread "C1 CompilerThread3" daemon [_thread_blocked, id=18152, stack(0x0000000021700000,0x0000000021800000)]
  0x0000000021009800 JavaThread "C2 CompilerThread2" daemon [_thread_blocked, id=12432, stack(0x0000000021600000,0x0000000021700000)]
  0x0000000021006800 JavaThread "C2 CompilerThread1" daemon [_thread_blocked, id=18284, stack(0x0000000021500000,0x0000000021600000)]
  0x0000000020f9c800 JavaThread "C2 CompilerThread0" daemon [_thread_blocked, id=8748, stack(0x0000000021400000,0x0000000021500000)]
  0x0000000020f9b000 JavaThread "Monitor Ctrl-Break" daemon [_thread_in_native, id=15540, stack(0x0000000021300000,0x0000000021400000)]
  0x0000000020246000 JavaThread "Attach Listener" daemon [_thread_blocked, id=7796, stack(0x0000000020a00000,0x0000000020b00000)]
  0x0000000020245000 JavaThread "Signal Dispatcher" daemon [_thread_blocked, id=18136, stack(0x0000000020900000,0x0000000020a00000)]
  0x0000000020230800 JavaThread "Finalizer" daemon [_thread_blocked, id=18264, stack(0x0000000020610000,0x0000000020710000)]
  0x000000001e353800 JavaThread "Reference Handler" daemon [_thread_blocked, id=7064, stack(0x0000000020110000,0x0000000020210000)]
  0x0000000002b9e800 JavaThread "main" [_thread_blocked, id=18172, stack(0x0000000004570000,0x0000000004670000)]

Other Threads:
  0x000000001e34a800 VMThread [stack: 0x0000000020010000,0x0000000020110000] [id=18020]
  0x0000000020f9e000 WatcherThread [stack: 0x0000000021900000,0x0000000021a00000] [id=4172]

VM state:not at safepoint (normal execution)

VM Mutex/Monitor currently owned by a thread: None

Heap:
 PSYoungGen      total 508928K, used 39882K [0x000000076b400000, 0x0000000793800000, 0x00000007c0000000)
  eden space 462848K, 2% used [0x000000076b400000,0x000000076c1462d8,0x0000000787800000)
  from space 46080K, 57% used [0x0000000787800000,0x00000007891ac7f0,0x000000078a500000)
  to   space 45568K, 0% used [0x0000000790b80000,0x0000000790b80000,0x0000000793800000)
 ParOldGen       total 150016K, used 122590K [0x00000006c1c00000, 0x00000006cae80000, 0x000000076b400000)
  object space 150016K, 81% used [0x00000006c1c00000,0x00000006c93b7a90,0x00000006cae80000)
 Metaspace       used 44648K, capacity 45058K, committed 45440K, reserved 1087488K
  class space    used 6266K, capacity 6404K, committed 6528K, reserved 1048576K

Card table byte_map: [0x0000000013cf0000,0x00000000144f0000] byte_map_base: 0x00000000106e2000

Marking Bits: (ParMarkBitMap*) 0x000000006563f860
 Begin Bits: [0x0000000015240000, 0x00000000191d0000)
 End Bits:   [0x00000000191d0000, 0x000000001d160000)

Polling page: 0x0000000002b70000

CodeCache: size=245760Kb used=13076Kb max_used=14561Kb free=232683Kb
 bounds [0x0000000004930000, 0x0000000005780000, 0x0000000013930000]
 total_blobs=4562 nmethods=3838 adapters=636
 compilation: enabled

Compilation events (10 events):
Event: 14.006 Thread 0x000000002100e000 nmethod 4333 0x0000000004af8c90 code [0x0000000004af8e40, 0x0000000004af94b8]
Event: 14.010 Thread 0x000000002100e000 4334       3       IPApp$$anonfun$2::apply (13 bytes)
Event: 14.010 Thread 0x000000002100e000 nmethod 4334 0x0000000004d80850 code [0x0000000004d809e0, 0x0000000004d80ea8]
Event: 14.010 Thread 0x000000002100e000 4335       3       IPApp$$anonfun$2::apply (6 bytes)
Event: 14.010 Thread 0x000000002100e000 nmethod 4335 0x0000000004ff43d0 code [0x0000000004ff4540, 0x0000000004ff4748]
Event: 14.012 Thread 0x000000002100e000 4336       3       scala.collection.mutable.ListBuffer::prependToList (35 bytes)
Event: 14.012 Thread 0x000000002100e000 nmethod 4336 0x0000000004a5cdd0 code [0x0000000004a5cfc0, 0x0000000004a5dd28]
Event: 14.128 Thread 0x000000002100e000 4337       3       java.io.FileInputStream::<init> (110 bytes)
Event: 14.129 Thread 0x000000002100e000 nmethod 4337 0x0000000004a75210 code [0x0000000004a75480, 0x0000000004a76278]
Event: 14.211 Thread 0x000000002100e000 4338       3       java.io.FileInputStream::finalize (22 bytes)

GC Heap History (10 events):
Event: 10.104 GC heap before
{Heap before GC invocations=17 (full 2):
 PSYoungGen      total 317440K, used 317381K [0x000000076b400000, 0x0000000780e00000, 0x00000007c0000000)
  eden space 292864K, 100% used [0x000000076b400000,0x000000077d200000,0x000000077d200000)
  from space 24576K, 99% used [0x000000077ed80000,0x0000000780571628,0x0000000780580000)
  to   space 28160K, 0% used [0x000000077d200000,0x000000077d200000,0x000000077ed80000)
 ParOldGen       total 150016K, used 40792K [0x00000006c1c00000, 0x00000006cae80000, 0x000000076b400000)
  object space 150016K, 27% used [0x00000006c1c00000,0x00000006c43d6038,0x00000006cae80000)
 Metaspace       used 44447K, capacity 44802K, committed 45184K, reserved 1087488K
  class space    used 6260K, capacity 6404K, committed 6528K, reserved 1048576K
Event: 10.117 GC heap after
Heap after GC invocations=17 (full 2):
 PSYoungGen      total 321024K, used 28141K [0x000000076b400000, 0x0000000787400000, 0x00000007c0000000)
  eden space 292864K, 0% used [0x000000076b400000,0x000000076b400000,0x000000077d200000)
  from space 28160K, 99% used [0x000000077d200000,0x000000077ed7b5e8,0x000000077ed80000)
  to   space 35840K, 0% used [0x0000000785100000,0x0000000785100000,0x0000000787400000)
 ParOldGen       total 150016K, used 50167K [0x00000006c1c00000, 0x00000006cae80000, 0x000000076b400000)
  object space 150016K, 33% used [0x00000006c1c00000,0x00000006c4cfdc78,0x00000006cae80000)
 Metaspace       used 44447K, capacity 44802K, committed 45184K, reserved 1087488K
  class space    used 6260K, capacity 6404K, committed 6528K, reserved 1048576K
}
Event: 10.911 GC heap before
{Heap before GC invocations=18 (full 2):
 PSYoungGen      total 321024K, used 321005K [0x000000076b400000, 0x0000000787400000, 0x00000007c0000000)
  eden space 292864K, 100% used [0x000000076b400000,0x000000077d200000,0x000000077d200000)
  from space 28160K, 99% used [0x000000077d200000,0x000000077ed7b5e8,0x000000077ed80000)
  to   space 35840K, 0% used [0x0000000785100000,0x0000000785100000,0x0000000787400000)
 ParOldGen       total 150016K, used 50167K [0x00000006c1c00000, 0x00000006cae80000, 0x000000076b400000)
  object space 150016K, 33% used [0x00000006c1c00000,0x00000006c4cfdc78,0x00000006cae80000)
 Metaspace       used 44543K, capacity 44930K, committed 45184K, reserved 1087488K
  class space    used 6260K, capacity 6404K, committed 6528K, reserved 1048576K
Event: 10.924 GC heap after
Heap after GC invocations=18 (full 2):
 PSYoungGen      total 413696K, used 35833K [0x000000076b400000, 0x0000000788780000, 0x00000007c0000000)
  eden space 377856K, 0% used [0x000000076b400000,0x000000076b400000,0x0000000782500000)
  from space 35840K, 99% used [0x0000000785100000,0x00000007873fe5f0,0x0000000787400000)
  to   space 45056K, 0% used [0x0000000782500000,0x0000000782500000,0x0000000785100000)
 ParOldGen       total 150016K, used 59398K [0x00000006c1c00000, 0x00000006cae80000, 0x000000076b400000)
  object space 150016K, 39% used [0x00000006c1c00000,0x00000006c5601a90,0x00000006cae80000)
 Metaspace       used 44543K, capacity 44930K, committed 45184K, reserved 1087488K
  class space    used 6260K, capacity 6404K, committed 6528K, reserved 1048576K
}
Event: 11.927 GC heap before
{Heap before GC invocations=19 (full 2):
 PSYoungGen      total 413696K, used 413689K [0x000000076b400000, 0x0000000788780000, 0x00000007c0000000)
  eden space 377856K, 100% used [0x000000076b400000,0x0000000782500000,0x0000000782500000)
  from space 35840K, 99% used [0x0000000785100000,0x00000007873fe5f0,0x0000000787400000)
  to   space 45056K, 0% used [0x0000000782500000,0x0000000782500000,0x0000000785100000)
 ParOldGen       total 150016K, used 59398K [0x00000006c1c00000, 0x00000006cae80000, 0x000000076b400000)
  object space 150016K, 39% used [0x00000006c1c00000,0x00000006c5601a90,0x00000006cae80000)
 Metaspace       used 44558K, capacity 44930K, committed 45184K, reserved 1087488K
  class space    used 6260K, capacity 6404K, committed 6528K, reserved 1048576K
Event: 11.943 GC heap after
Heap after GC invocations=19 (full 2):
 PSYoungGen      total 422912K, used 32971K [0x000000076b400000, 0x000000078d400000, 0x00000007c0000000)
  eden space 377856K, 0% used [0x000000076b400000,0x000000076b400000,0x0000000782500000)
  from space 45056K, 73% used [0x0000000782500000,0x0000000784532d38,0x0000000785100000)
  to   space 48128K, 0% used [0x000000078a500000,0x000000078a500000,0x000000078d400000)
 ParOldGen       total 150016K, used 80942K [0x00000006c1c00000, 0x00000006cae80000, 0x000000076b400000)
  object space 150016K, 53% used [0x00000006c1c00000,0x00000006c6b0ba90,0x00000006cae80000)
 Metaspace       used 44558K, capacity 44930K, committed 45184K, reserved 1087488K
  class space    used 6260K, capacity 6404K, committed 6528K, reserved 1048576K
}
Event: 12.935 GC heap before
{Heap before GC invocations=20 (full 2):
 PSYoungGen      total 422912K, used 410827K [0x000000076b400000, 0x000000078d400000, 0x00000007c0000000)
  eden space 377856K, 100% used [0x000000076b400000,0x0000000782500000,0x0000000782500000)
  from space 45056K, 73% used [0x0000000782500000,0x0000000784532d38,0x0000000785100000)
  to   space 48128K, 0% used [0x000000078a500000,0x000000078a500000,0x000000078d400000)
 ParOldGen       total 150016K, used 80942K [0x00000006c1c00000, 0x00000006cae80000, 0x000000076b400000)
  object space 150016K, 53% used [0x00000006c1c00000,0x00000006c6b0ba90,0x00000006cae80000)
 Metaspace       used 44610K, capacity 44930K, committed 45184K, reserved 1087488K
  class space    used 6266K, capacity 6404K, committed 6528K, reserved 1048576K
Event: 12.957 GC heap after
Heap after GC invocations=20 (full 2):
 PSYoungGen      total 510976K, used 21811K [0x000000076b400000, 0x000000078d400000, 0x00000007c0000000)
  eden space 462848K, 0% used [0x000000076b400000,0x000000076b400000,0x0000000787800000)
  from space 48128K, 45% used [0x000000078a500000,0x000000078ba4ce68,0x000000078d400000)
  to   space 46080K, 0% used [0x0000000787800000,0x0000000787800000,0x000000078a500000)
 ParOldGen       total 150016K, used 108198K [0x00000006c1c00000, 0x00000006cae80000, 0x000000076b400000)
  object space 150016K, 72% used [0x00000006c1c00000,0x00000006c85a9a90,0x00000006cae80000)
 Metaspace       used 44610K, capacity 44930K, committed 45184K, reserved 1087488K
  class space    used 6266K, capacity 6404K, committed 6528K, reserved 1048576K
}
Event: 14.192 GC heap before
{Heap before GC invocations=21 (full 2):
 PSYoungGen      total 510976K, used 484659K [0x000000076b400000, 0x000000078d400000, 0x00000007c0000000)
  eden space 462848K, 100% used [0x000000076b400000,0x0000000787800000,0x0000000787800000)
  from space 48128K, 45% used [0x000000078a500000,0x000000078ba4ce68,0x000000078d400000)
  to   space 46080K, 0% used [0x0000000787800000,0x0000000787800000,0x000000078a500000)
 ParOldGen       total 150016K, used 108198K [0x00000006c1c00000, 0x00000006cae80000, 0x000000076b400000)
  object space 150016K, 72% used [0x00000006c1c00000,0x00000006c85a9a90,0x00000006cae80000)
 Metaspace       used 44648K, capacity 45058K, committed 45440K, reserved 1087488K
  class space    used 6266K, capacity 6404K, committed 6528K, reserved 1048576K
Event: 14.211 GC heap after
Heap after GC invocations=21 (full 2):
 PSYoungGen      total 508928K, used 26289K [0x000000076b400000, 0x0000000793800000, 0x00000007c0000000)
  eden space 462848K, 0% used [0x000000076b400000,0x000000076b400000,0x0000000787800000)
  from space 46080K, 57% used [0x0000000787800000,0x00000007891ac7f0,0x000000078a500000)
  to   space 45568K, 0% used [0x0000000790b80000,0x0000000790b80000,0x0000000793800000)
 ParOldGen       total 150016K, used 122590K [0x00000006c1c00000, 0x00000006cae80000, 0x000000076b400000)
  object space 150016K, 81% used [0x00000006c1c00000,0x00000006c93b7a90,0x00000006cae80000)
 Metaspace       used 44648K, capacity 45058K, committed 45440K, reserved 1087488K
  class space    used 6266K, capacity 6404K, committed 6528K, reserved 1048576K
}

Deoptimization events (10 events):
Event: 6.520 Thread 0x00000000238dd800 Uncommon trap: reason=null_check action=make_not_entrant pc=0x00000000052be420 method=java.nio.charset.CoderResult$Cache.get(I)Ljava/nio/charset/CoderResult; @ 69
Event: 6.572 Thread 0x00000000238dd800 Uncommon trap: reason=unstable_if action=reinterpret pc=0x0000000005400db8 method=org.bytedeco.javacpp.helper.opencv_core$AbstractCvMat.getFloatBuffer()Ljava/nio/FloatBuffer; @ 4
Event: 6.841 Thread 0x00000000238dc800 Uncommon trap: reason=predicate action=maybe_recompile pc=0x00000000054625fc method=java.util.LinkedList.toArray([Ljava/lang/Object;)[Ljava/lang/Object; @ 45
Event: 6.847 Thread 0x00000000238dc800 Uncommon trap: reason=array_check action=maybe_recompile pc=0x00000000054a98d0 method=java.util.LinkedList.toArray([Ljava/lang/Object;)[Ljava/lang/Object; @ 55
Event: 6.847 Thread 0x00000000238dc800 Uncommon trap: reason=array_check action=maybe_recompile pc=0x00000000054a98d0 method=java.util.LinkedList.toArray([Ljava/lang/Object;)[Ljava/lang/Object; @ 55
Event: 6.847 Thread 0x00000000238dc800 Uncommon trap: reason=array_check action=maybe_recompile pc=0x00000000054a98d0 method=java.util.LinkedList.toArray([Ljava/lang/Object;)[Ljava/lang/Object; @ 55
Event: 6.847 Thread 0x00000000238dc800 Uncommon trap: reason=array_check action=maybe_recompile pc=0x00000000054a98d0 method=java.util.LinkedList.toArray([Ljava/lang/Object;)[Ljava/lang/Object; @ 55
Event: 7.514 Thread 0x00000000238dc800 Uncommon trap: reason=unstable_if action=reinterpret pc=0x0000000005439e00 method=com.google.common.collect.Interners$WeakInterner.intern(Ljava/lang/Object;)Ljava/lang/Object; @ 42
Event: 7.514 Thread 0x00000000238dc800 Uncommon trap: reason=unstable_if action=reinterpret pc=0x000000000543fa2c method=com.google.common.collect.Interners$WeakInterner.intern(Ljava/lang/Object;)Ljava/lang/Object; @ 42
Event: 11.139 Thread 0x00000000238dc800 Uncommon trap: reason=unstable_if action=reinterpret pc=0x000000000546ea34 method=sun.nio.cs.UTF_8$Decoder.decodeArrayLoop(Ljava/nio/ByteBuffer;Ljava/nio/CharBuffer;)Ljava/nio/charset/CoderResult; @ 447

Classes redefined (0 events):
No events

Internal exceptions (10 events):
Event: 4.144 Thread 0x0000000022db4800 Exception <a 'java/lang/NoSuchMethodError': <clinit>> (0x000000077021bf98) thrown at [C:\re\workspace\8-2-build-windows-amd64-cygwin\jdk8u161\10277\hotspot\src\share\vm\prims\jni.cpp, line 1613]
Event: 4.181 Thread 0x000000002234a000 Exception <a 'java/lang/NoSuchMethodError': <clinit>> (0x0000000770e325b0) thrown at [C:\re\workspace\8-2-build-windows-amd64-cygwin\jdk8u161\10277\hotspot\src\share\vm\prims\jni.cpp, line 1613]
Event: 4.181 Thread 0x000000002234a000 Exception <a 'java/lang/NoSuchMethodError': <clinit>> (0x0000000770e37900) thrown at [C:\re\workspace\8-2-build-windows-amd64-cygwin\jdk8u161\10277\hotspot\src\share\vm\prims\jni.cpp, line 1613]
Event: 4.182 Thread 0x000000002234a000 Exception <a 'java/lang/NoSuchMethodError': <clinit>> (0x0000000770e509e0) thrown at [C:\re\workspace\8-2-build-windows-amd64-cygwin\jdk8u161\10277\hotspot\src\share\vm\prims\jni.cpp, line 1613]
Event: 4.182 Thread 0x000000002234a000 Exception <a 'java/lang/NoSuchMethodError': <clinit>> (0x0000000770e554e8) thrown at [C:\re\workspace\8-2-build-windows-amd64-cygwin\jdk8u161\10277\hotspot\src\share\vm\prims\jni.cpp, line 1613]
Event: 4.184 Thread 0x000000002234a000 Exception <a 'java/lang/NoSuchMethodError': <clinit>> (0x0000000770e858b0) thrown at [C:\re\workspace\8-2-build-windows-amd64-cygwin\jdk8u161\10277\hotspot\src\share\vm\prims\jni.cpp, line 1613]
Event: 4.184 Thread 0x000000002234a000 Exception <a 'java/lang/NoSuchMethodError': <clinit>> (0x0000000770e8d608) thrown at [C:\re\workspace\8-2-build-windows-amd64-cygwin\jdk8u161\10277\hotspot\src\share\vm\prims\jni.cpp, line 1613]
Event: 6.520 Thread 0x00000000238dd800 Implicit null exception at 0x00000000052f7c0c to 0x00000000052fb95d
Event: 6.520 Thread 0x00000000238dd800 Implicit null exception at 0x00000000052be017 to 0x00000000052be411
Event: 6.572 Thread 0x00000000238dd800 Implicit null exception at 0x0000000005400bca to 0x0000000005400da0

Events (10 events):
Event: 12.238 loading class akka/remote/ReliableDeliverySupervisor$GotUid
Event: 12.238 loading class akka/remote/ReliableDeliverySupervisor$GotUid done
Event: 12.239 loading class akka/remote/ReliableDeliverySupervisor$Idle$
Event: 12.239 loading class akka/remote/ReliableDeliverySupervisor$Idle$ done
Event: 12.240 loading class akka/remote/EndpointManager$EndpointRegistry$$anonfun$prune$1
Event: 12.240 loading class akka/remote/EndpointManager$EndpointRegistry$$anonfun$prune$1 done
Event: 12.935 Executing VM operation: ParallelGCFailedAllocation
Event: 12.957 Executing VM operation: ParallelGCFailedAllocation done
Event: 14.192 Executing VM operation: ParallelGCFailedAllocation
Event: 14.211 Executing VM operation: ParallelGCFailedAllocation done


Dynamic libraries:
0x00007ff7d27c0000 - 0x00007ff7d27f7000 	D:\Program Files\Java\jdk1.8.0_161\jre\bin\java.exe
0x00007ffac1870000 - 0x00007ffac1a50000 	C:\WINDOWS\SYSTEM32\ntdll.dll
0x00007ffac1790000 - 0x00007ffac183e000 	C:\WINDOWS\System32\KERNEL32.DLL
0x00007ffabeab0000 - 0x00007ffabed16000 	C:\WINDOWS\System32\KERNELBASE.dll
0x00007ffabf5a0000 - 0x00007ffabf641000 	C:\WINDOWS\System32\ADVAPI32.dll
0x00007ffac0e80000 - 0x00007ffac0f1d000 	C:\WINDOWS\System32\msvcrt.dll
0x00007ffac0b80000 - 0x00007ffac0bdb000 	C:\WINDOWS\System32\sechost.dll
0x00007ffabed50000 - 0x00007ffabee6f000 	C:\WINDOWS\System32\RPCRT4.dll
0x00007ffabee70000 - 0x00007ffabefff000 	C:\WINDOWS\System32\USER32.dll
0x00007ffabed20000 - 0x00007ffabed40000 	C:\WINDOWS\System32\win32u.dll
0x00007ffac0e50000 - 0x00007ffac0e78000 	C:\WINDOWS\System32\GDI32.dll
0x00007ffabe7b0000 - 0x00007ffabe943000 	C:\WINDOWS\System32\gdi32full.dll
0x00007ffabe3c0000 - 0x00007ffabe45b000 	C:\WINDOWS\System32\msvcp_win.dll
0x00007ffabe9b0000 - 0x00007ffabeaa6000 	C:\WINDOWS\System32\ucrtbase.dll
0x00007ffab37c0000 - 0x00007ffab3a29000 	C:\WINDOWS\WinSxS\amd64_microsoft.windows.common-controls_6595b64144ccf1df_6.0.16299.309_none_15cfd4c4935e6b11\COMCTL32.dll
0x00007ffabf260000 - 0x00007ffabf568000 	C:\WINDOWS\System32\combase.dll
0x00007ffabe510000 - 0x00007ffabe582000 	C:\WINDOWS\System32\bcryptPrimitives.dll
0x00007ffabf570000 - 0x00007ffabf59d000 	C:\WINDOWS\System32\IMM32.DLL
0x0000000067690000 - 0x0000000067762000 	D:\Program Files\Java\jdk1.8.0_161\jre\bin\msvcr100.dll
0x0000000064e20000 - 0x00000000656bf000 	D:\Program Files\Java\jdk1.8.0_161\jre\bin\server\jvm.dll
0x00007ffabed40000 - 0x00007ffabed48000 	C:\WINDOWS\System32\PSAPI.DLL
0x00007ffaa5650000 - 0x00007ffaa5659000 	C:\WINDOWS\SYSTEM32\WSOCK32.dll
0x00007ffab7580000 - 0x00007ffab758a000 	C:\WINDOWS\SYSTEM32\VERSION.dll
0x00007ffab95f0000 - 0x00007ffab9613000 	C:\WINDOWS\SYSTEM32\WINMM.dll
0x00007ffabf650000 - 0x00007ffabf6bc000 	C:\WINDOWS\System32\WS2_32.dll
0x00007ffab94e0000 - 0x00007ffab950a000 	C:\WINDOWS\SYSTEM32\winmmbase.dll
0x00007ffabe590000 - 0x00007ffabe5da000 	C:\WINDOWS\System32\cfgmgr32.dll
0x0000000067680000 - 0x000000006768f000 	D:\Program Files\Java\jdk1.8.0_161\jre\bin\verify.dll
0x0000000067650000 - 0x0000000067679000 	D:\Program Files\Java\jdk1.8.0_161\jre\bin\java.dll
0x0000000067560000 - 0x0000000067583000 	D:\Program Files\Java\jdk1.8.0_161\jre\bin\instrument.dll
0x00000000675e0000 - 0x00000000675f6000 	D:\Program Files\Java\jdk1.8.0_161\jre\bin\zip.dll
0x00007ffabf740000 - 0x00007ffac0b76000 	C:\WINDOWS\System32\SHELL32.dll
0x00007ffabf000000 - 0x00007ffabf0a6000 	C:\WINDOWS\System32\shcore.dll
0x00007ffabdc70000 - 0x00007ffabe3b7000 	C:\WINDOWS\System32\windows.storage.dll
0x00007ffac0d60000 - 0x00007ffac0db1000 	C:\WINDOWS\System32\shlwapi.dll
0x00007ffabdbe0000 - 0x00007ffabdbf1000 	C:\WINDOWS\System32\kernel.appcore.dll
0x00007ffabdc00000 - 0x00007ffabdc4c000 	C:\WINDOWS\System32\powrprof.dll
0x00007ffabdbc0000 - 0x00007ffabdbdb000 	C:\WINDOWS\System32\profapi.dll
0x00007ffaba6b0000 - 0x00007ffaba6ca000 	D:\Program Files\JetBrains\IntelliJ IDEA Community Edition 2017.3.3\bin\breakgen64.dll
0x00000000675b0000 - 0x00000000675ca000 	D:\Program Files\Java\jdk1.8.0_161\jre\bin\net.dll
0x00007ffabd450000 - 0x00007ffabd4b6000 	C:\WINDOWS\system32\mswsock.dll
0x00007ffabd610000 - 0x00007ffabd627000 	C:\WINDOWS\SYSTEM32\CRYPTSP.dll
0x00007ffabd050000 - 0x00007ffabd083000 	C:\WINDOWS\system32\rsaenh.dll
0x00007ffabd720000 - 0x00007ffabd745000 	C:\WINDOWS\SYSTEM32\bcrypt.dll
0x00007ffabdac0000 - 0x00007ffabdae9000 	C:\WINDOWS\SYSTEM32\USERENV.dll
0x00007ffabd630000 - 0x00007ffabd63b000 	C:\WINDOWS\SYSTEM32\CRYPTBASE.dll
0x00007ffabd1e0000 - 0x00007ffabd219000 	C:\WINDOWS\SYSTEM32\IPHLPAPI.DLL
0x00007ffac0be0000 - 0x00007ffac0be8000 	C:\WINDOWS\System32\NSI.dll
0x00007ffab8170000 - 0x00007ffab8186000 	C:\WINDOWS\SYSTEM32\dhcpcsvc6.DLL
0x00007ffab7c70000 - 0x00007ffab7c8a000 	C:\WINDOWS\SYSTEM32\dhcpcsvc.DLL
0x0000000067590000 - 0x00000000675a1000 	D:\Program Files\Java\jdk1.8.0_161\jre\bin\nio.dll
0x0000000066aa0000 - 0x0000000066aad000 	D:\Program Files\Java\jdk1.8.0_161\jre\bin\management.dll
0x0000000066a90000 - 0x0000000066a99000 	D:\Program Files\Java\jdk1.8.0_161\jre\bin\w2k_lsa_auth.dll
0x00007ffab3790000 - 0x00007ffab379c000 	C:\WINDOWS\SYSTEM32\Secur32.dll
0x00007ffabdaf0000 - 0x00007ffabdb20000 	C:\WINDOWS\SYSTEM32\SSPICLI.DLL
0x0000000066a80000 - 0x0000000066a88000 	D:\Program Files\Java\jdk1.8.0_161\jre\bin\jaas_nt.dll
0x00007ffa8c580000 - 0x00007ffa8c596000 	C:\WINDOWS\system32\napinsp.dll
0x00007ffa8c560000 - 0x00007ffa8c57a000 	C:\WINDOWS\system32\pnrpnsp.dll
0x00007ffaba4f0000 - 0x00007ffaba508000 	C:\WINDOWS\system32\NLAapi.dll
0x00007ffabd220000 - 0x00007ffabd2d6000 	C:\WINDOWS\SYSTEM32\DNSAPI.dll
0x00007ffa90350000 - 0x00007ffa9035e000 	C:\WINDOWS\System32\winrnr.dll
0x00007ffaae840000 - 0x00007ffaae855000 	C:\WINDOWS\System32\wshbth.dll
0x00007ffab1cd0000 - 0x00007ffab1cda000 	C:\Windows\System32\rasadhlp.dll
0x00007ffab0ca0000 - 0x00007ffab0d10000 	C:\WINDOWS\System32\fwpuclnt.dll
0x0000000066a50000 - 0x0000000066a74000 	D:\Program Files\Java\jdk1.8.0_161\jre\bin\sunec.dll
0x00007ffab5fc0000 - 0x00007ffab5fcb000 	C:\WINDOWS\SYSTEM32\WINNSI.DLL
0x0000000070280000 - 0x00000000702a9000 	C:\Users\Geovanni.TheBeast-Snipes\AppData\Local\Temp\snappy-1.1.2-43a5152c-212a-408e-8e8d-791ed8939125-snappyjava.dll
0x0000000066970000 - 0x0000000066a41000 	C:\Users\Geovanni.TheBeast-Snipes\AppData\Local\Temp\javacpp7865494979085\msvcr100.dll
0x00000000668d0000 - 0x0000000066968000 	C:\Users\Geovanni.TheBeast-Snipes\AppData\Local\Temp\javacpp7865494979085\msvcp100.dll
0x00007ffa6a930000 - 0x00007ffa6abb0000 	C:\Users\Geovanni.TheBeast-Snipes\AppData\Local\Temp\javacpp7865494979085\opencv_core2411.dll
0x00007ffa6ae20000 - 0x00007ffa6b012000 	C:\Users\Geovanni.TheBeast-Snipes\AppData\Local\Temp\javacpp7865494979085\jniopencv_core.dll
0x00007ffa6a320000 - 0x00007ffa6a5e1000 	C:\Users\Geovanni.TheBeast-Snipes\AppData\Local\Temp\javacpp7865494979085\opencv_imgproc2411.dll
0x00007ffab3b80000 - 0x00007ffab3c28000 	C:\Users\Geovanni.TheBeast-Snipes\AppData\Local\Temp\javacpp7865494979085\jniopencv_imgproc.dll
0x000000002c210000 - 0x000000002d084000 	C:\Users\Geovanni.TheBeast-Snipes\AppData\Local\Temp\javacpp7865494979085\opencv_ffmpeg2411_64.dll
0x00007ffa622e0000 - 0x00007ffa6252e000 	C:\Users\Geovanni.TheBeast-Snipes\AppData\Local\Temp\javacpp7865494979085\opencv_highgui2411.dll
0x00007ffabf0b0000 - 0x00007ffabf1f9000 	C:\WINDOWS\System32\ole32.dll
0x00007ffac0f20000 - 0x00007ffac0fe5000 	C:\WINDOWS\System32\OLEAUT32.dll
0x00007ffaba680000 - 0x00007ffaba6a9000 	C:\WINDOWS\SYSTEM32\MSVFW32.dll
0x00007ffaba620000 - 0x00007ffaba63f000 	C:\WINDOWS\SYSTEM32\AVIFIL32.dll
0x00007ffab99f0000 - 0x00007ffab9a08000 	C:\WINDOWS\SYSTEM32\AVICAP32.dll
0x00007ffaab350000 - 0x00007ffaab36c000 	C:\WINDOWS\SYSTEM32\MSACM32.dll
0x00007ffab8a70000 - 0x00007ffab8ac1000 	C:\Users\Geovanni.TheBeast-Snipes\AppData\Local\Temp\javacpp7865494979085\jniopencv_highgui.dll
0x00007ffab3c70000 - 0x00007ffab3d08000 	C:\Users\Geovanni.TheBeast-Snipes\AppData\Local\Temp\javacpp7865494979085\opencv_flann2411.dll
0x00007ffab8f20000 - 0x00007ffab8f3c000 	C:\Users\Geovanni.TheBeast-Snipes\AppData\Local\Temp\javacpp7865494979085\jniopencv_flann.dll
0x00007ffa96300000 - 0x00007ffa963da000 	C:\Users\Geovanni.TheBeast-Snipes\AppData\Local\Temp\javacpp7865494979085\opencv_features2d2411.dll
0x00007ffab1570000 - 0x00007ffab15d5000 	C:\Users\Geovanni.TheBeast-Snipes\AppData\Local\Temp\javacpp7865494979085\jniopencv_features2d.dll
0x00007ffa8f910000 - 0x00007ffa8fa45000 	C:\Users\Geovanni.TheBeast-Snipes\AppData\Local\Temp\javacpp7865494979085\opencv_calib3d2411.dll
0x00007ffab1250000 - 0x00007ffab129b000 	C:\Users\Geovanni.TheBeast-Snipes\AppData\Local\Temp\javacpp7865494979085\jniopencv_calib3d.dll
0x00007ffa95400000 - 0x00007ffa954cb000 	C:\Users\Geovanni.TheBeast-Snipes\AppData\Local\Temp\javacpp7865494979085\opencv_objdetect2411.dll
0x00007ffaa8360000 - 0x00007ffaa83cd000 	C:\Users\Geovanni.TheBeast-Snipes\AppData\Local\Temp\javacpp7865494979085\jniopencv_objdetect.dll
0x00007ffab8c80000 - 0x00007ffab8cbf000 	C:\Users\Geovanni.TheBeast-Snipes\AppData\Local\Temp\javacpp7865494979085\opencv_photo2411.dll
0x00007ffaba610000 - 0x00007ffaba61d000 	C:\Users\Geovanni.TheBeast-Snipes\AppData\Local\Temp\javacpp7865494979085\jniopencv_photo.dll
0x00007ffa918f0000 - 0x00007ffa91986000 	C:\Users\Geovanni.TheBeast-Snipes\AppData\Local\Temp\javacpp7865494979085\opencv_ml2411.dll
0x00007ffa83a50000 - 0x00007ffa83aee000 	C:\Users\Geovanni.TheBeast-Snipes\AppData\Local\Temp\javacpp7865494979085\jniopencv_ml.dll
0x00007ffa9fdc0000 - 0x00007ffa9fe33000 	C:\Users\Geovanni.TheBeast-Snipes\AppData\Local\Temp\javacpp7865494979085\opencv_video2411.dll
0x00007ffab8a40000 - 0x00007ffab8a68000 	C:\Users\Geovanni.TheBeast-Snipes\AppData\Local\Temp\javacpp7865494979085\jniopencv_video.dll
0x00007ffa62640000 - 0x00007ffa627b0000 	C:\Users\Geovanni.TheBeast-Snipes\AppData\Local\Temp\javacpp7865494979085\opencv_legacy2411.dll
0x00007ffa62060000 - 0x00007ffa621da000 	C:\Users\Geovanni.TheBeast-Snipes\AppData\Local\Temp\javacpp7865494979085\jniopencv_legacy.dll
0x00007ffa90a50000 - 0x00007ffa90acd000 	C:\Users\Geovanni.TheBeast-Snipes\AppData\Local\Temp\javacpp7865494979085\opencv_gpu2411.dll
0x00007ffa61840000 - 0x00007ffa61b35000 	C:\Users\Geovanni.TheBeast-Snipes\AppData\Local\Temp\javacpp7865494979085\opencv_ocl2411.dll
0x00007ffa839a0000 - 0x00007ffa83a46000 	C:\Users\Geovanni.TheBeast-Snipes\AppData\Local\Temp\javacpp7865494979085\opencv_nonfree2411.dll
0x00007ffab8f00000 - 0x00007ffab8f11000 	C:\Users\Geovanni.TheBeast-Snipes\AppData\Local\Temp\javacpp7865494979085\jniopencv_nonfree.dll
0x00007ffaa46d0000 - 0x00007ffaa4898000 	C:\WINDOWS\SYSTEM32\dbghelp.dll

VM Arguments:
jvm_args: -javaagent:D:\Program Files\JetBrains\IntelliJ IDEA Community Edition 2017.3.3\lib\idea_rt.jar=55756:D:\Program Files\JetBrains\IntelliJ IDEA Community Edition 2017.3.3\bin -Dfile.encoding=UTF-8 
java_command: IPApp
java_class_path (initial): D:\Program Files\Java\jdk1.8.0_161\jre\lib\charsets.jar;D:\Program Files\Java\jdk1.8.0_161\jre\lib\deploy.jar;D:\Program Files\Java\jdk1.8.0_161\jre\lib\ext\access-bridge-64.jar;D:\Program Files\Java\jdk1.8.0_161\jre\lib\ext\cldrdata.jar;D:\Program Files\Java\jdk1.8.0_161\jre\lib\ext\dnsns.jar;D:\Program Files\Java\jdk1.8.0_161\jre\lib\ext\jaccess.jar;D:\Program Files\Java\jdk1.8.0_161\jre\lib\ext\jfxrt.jar;D:\Program Files\Java\jdk1.8.0_161\jre\lib\ext\localedata.jar;D:\Program Files\Java\jdk1.8.0_161\jre\lib\ext\nashorn.jar;D:\Program Files\Java\jdk1.8.0_161\jre\lib\ext\sunec.jar;D:\Program Files\Java\jdk1.8.0_161\jre\lib\ext\sunjce_provider.jar;D:\Program Files\Java\jdk1.8.0_161\jre\lib\ext\sunmscapi.jar;D:\Program Files\Java\jdk1.8.0_161\jre\lib\ext\sunpkcs11.jar;D:\Program Files\Java\jdk1.8.0_161\jre\lib\ext\zipfs.jar;D:\Program Files\Java\jdk1.8.0_161\jre\lib\javaws.jar;D:\Program Files\Java\jdk1.8.0_161\jre\lib\jce.jar;D:\Program Files\Java\jdk1.8.0_161\jre\lib\jfr.jar;D:\Program Files\Java\jdk1.8.0_161\jre\lib\jfxswt.jar;D:\Program Files\Java\jdk1.8.0_161\jre\lib\jsse.jar;D:\Program Files\Java\jdk1.8.0_161\jre\lib\management-agent.jar;D:\Program Files\Java\jdk1.8.0_161\jre\lib\plugin.jar;D:\Program Files\Java\jdk1.8.0_161\jre\lib\resources.jar;D:\Program Files\Java\jdk1.8.0_161\jre\lib\rt.jar;F:\Big-Data\Project\Increment2\CS5542-Tutorial2B-SourceCode\target\scala-2.11\classes;C:\Users\Geovanni.TheBeast-Snipes\.ivy2\cache\aopalliance\aopalliance\jars\aopalliance-1.0.jar;C:\Users\Geovanni.TheBeast-Snipes\.ivy2\cache\xmlenc\xmlenc\jars\xmlenc-0.52.jar;C:\Users\Geovanni.TheBeast-Snipes\.ivy2\cache\stax\stax-api\jars\stax-api-1.0.1.jar;C:\Users\Geovanni.TheBeast-Snipes\.ivy2\cache\oro\oro\jars\oro-2.0.8.jar;C:\Users\Geovanni.TheBeast-Snipes\.ivy2\cache\org.xerial.snappy\snappy-java\bundles\snappy-java-1.1.2.jar;C:\Users\Geovanni.TheBeast-Snipes\.ivy2\cache\org.uncommons.maths\uncommons-maths\jars\uncommons-maths-1.2.2a.jar;C:\Users\G
Launcher Type: SUN_STANDARD

Environment Variables:
JAVA_HOME=C:\Program Files\Java\jre1.8.0_162
USERNAME=Geovanni
OS=Windows_NT
PROCESSOR_IDENTIFIER=Intel64 Family 6 Model 60 Stepping 3, GenuineIntel



---------------  S Y S T E M  ---------------

OS: Windows 10.0 , 64 bit Build 16299 (10.0.16299.15)

CPU:total 8 (initial active 8) (4 cores per cpu, 2 threads per core) family 6 model 60 stepping 3, cmov, cx8, fxsr, mmx, sse, sse2, sse3, ssse3, sse4.1, sse4.2, popcnt, avx, avx2, aes, clmul, erms, lzcnt, ht, tsc, tscinvbit, bmi1, bmi2

Memory: 4k page, physical 16658820k(7580624k free), swap 22950276k(10743024k free)

vm_info: Java HotSpot(TM) 64-Bit Server VM (25.161-b12) for windows-amd64 JRE (1.8.0_161-b12), built on Dec 19 2017 17:52:25 by "java_re" with MS VC++ 10.0 (VS2010)

time: Sun Mar 18 00:20:54 2018
elapsed time: 14 seconds (0d 0h 0m 14s)

