#
# A fatal error has been detected by the Java Runtime Environment:
#
#  EXCEPTION_ACCESS_VIOLATION (0xc0000005) at pc=0x00000000059315d9, pid=2744, tid=0x00000000000035d0
#
# JRE version: Java(TM) SE Runtime Environment (8.0_161-b12) (build 1.8.0_161-b12)
# Java VM: Java HotSpot(TM) 64-Bit Server VM (25.161-b12 mixed mode windows-amd64 compressed oops)
# Problematic frame:
# J 3423 C2 ImageUtils$.matToString(Lorg/bytedeco/javacpp/opencv_core$Mat;)Lscala/collection/immutable/List; (217 bytes) @ 0x00000000059315d9 [0x0000000005930440+0x1199]
#
# Failed to write core dump. Minidumps are not enabled by default on client versions of Windows
#
# If you would like to submit a bug report, please visit:
#   http://bugreport.java.com/bugreport/crash.jsp
#

---------------  T H R E A D  ---------------

Current thread (0x000000002358c000):  JavaThread "Executor task launch worker-1" daemon [_thread_in_Java, id=13776, stack(0x000000002c050000,0x000000002c150000)]

siginfo: ExceptionCode=0xc0000005, reading address 0x0000000029fb6b00

Registers:
RAX=0x0000000000000005, RBX=0x0000000000000003, RCX=0x0000000000011080, RDX=0x000000002c14eee0
RSP=0x000000002c14ef00, RBP=0x00000000ffffffff, RSI=0x0000000000000004, RDI=0x0000000000000000
R8 =0x0000000796564388, R9 =0x0000000796510130, R10=0x0000000029fb6b00, R11=0x0000000029fb6b00
R12=0x0000000000000000, R13=0x0000000000000001, R14=0x000000002c14eee0, R15=0x000000002358c000
RIP=0x00000000059315d9, EFLAGS=0x0000000000010206

Top of Stack: (sp=0x000000002c14ef00)
0x000000002c14ef00:   000000002a5b3dfc 000000002c14ef48
0x000000002c14ef10:   000000002a743348 0000000000000000
0x000000002c14ef20:   000000076ba68e70 00000006c1d16c88
0x000000002c14ef30:   00000007c0083280 00000030000001d5
0x000000002c14ef40:   00000007c00fc3e0 0000000796510130
0x000000002c14ef50:   0000000796510170 0000007f00000080
0x000000002c14ef60:   0000022000000221 0000008000000221
0x000000002c14ef70:   000000e00000eab0 00000007c000da58
0x000000002c14ef80:   7ff8000000000000 ed74d1ce000000e0
0x000000002c14ef90:   0000000000000004 000000076ba69840
0x000000002c14efa0:   000000000000001f 0003aa006ba69870
0x000000002c14efb0:   000000076ba69870 000000076ba68e70
0x000000002c14efc0:   0000011e0000011e 000000078b4ac628
0x000000002c14efd0:   0000000010b02000 00000010c201a328
0x000000002c14efe0:   000000078b4ac780 000000002c14f048
0x000000002c14eff0:   000000002c14f1b0 0000000005345034 

Instructions: (pc=0x00000000059315d9)
0x00000000059315b9:   0f 8c ee 18 00 00 44 3b d9 0f 8d a1 19 00 00 4d
0x00000000059315c9:   8b 50 10 4d 63 db 49 c1 e3 02 4d 03 da 4d 8b d3
0x00000000059315d9:   c4 c1 7a 5a 02 e9 9f f4 ff ff 48 8b 54 24 48 48
0x00000000059315e9:   bd 78 6c d1 c1 06 00 00 00 90 e8 a8 4b 46 ff 48 


Register to memory mapping:

RAX=0x0000000000000005 is an unknown value
RBX=0x0000000000000003 is an unknown value
RCX=0x0000000000011080 is an unknown value
RDX=0x000000002c14eee0 is pointing into the stack for thread: 0x000000002358c000
RSP=0x000000002c14ef00 is pointing into the stack for thread: 0x000000002358c000
RBP=0x00000000ffffffff is an unknown value
RSI=0x0000000000000004 is an unknown value
RDI=0x0000000000000000 is an unknown value
R8 =0x0000000796564388 is an oop
java.nio.DirectFloatBufferU 
 - klass: 'java/nio/DirectFloatBufferU'
R9 =0x0000000796510130 is an oop
org.bytedeco.javacpp.opencv_core$CvMat 
 - klass: 'org/bytedeco/javacpp/opencv_core$CvMat'
R10=0x0000000029fb6b00 is an unknown value
R11=0x0000000029fb6b00 is an unknown value
R12=0x0000000000000000 is an unknown value
R13=0x0000000000000001 is an unknown value
R14=0x000000002c14eee0 is pointing into the stack for thread: 0x000000002358c000
R15=0x000000002358c000 is a thread


Stack: [0x000000002c050000,0x000000002c150000],  sp=0x000000002c14ef00,  free space=1019k
Native frames: (J=compiled Java code, j=interpreted, Vv=VM code, C=native code)
C  0x00000000059315d9


---------------  P R O C E S S  ---------------

Java Threads: ( => current thread )
=>0x000000002358c000 JavaThread "Executor task launch worker-1" daemon [_thread_in_Java, id=13776, stack(0x000000002c050000,0x000000002c150000)]
  0x0000000023592000 JavaThread "Executor task launch worker-0" daemon [_thread_in_Java, id=10440, stack(0x000000002bf50000,0x000000002c050000)]
  0x0000000023590800 JavaThread "SparkListenerBus" daemon [_thread_blocked, id=6436, stack(0x000000002bb50000,0x000000002bc50000)]
  0x000000002358e800 JavaThread "context-cleaner-periodic-gc" daemon [_thread_blocked, id=7596, stack(0x000000002ba50000,0x000000002bb50000)]
  0x0000000023590000 JavaThread "Spark Context Cleaner" daemon [_thread_blocked, id=11624, stack(0x000000002b950000,0x000000002ba50000)]
  0x000000002358b800 JavaThread "shuffle-server-0" daemon [_thread_in_native, id=12320, stack(0x00000000294b0000,0x00000000295b0000)]
  0x000000002258d800 JavaThread "driver-heartbeater" daemon [_thread_blocked, id=416, stack(0x00000000293b0000,0x00000000294b0000)]
  0x000000002258c000 JavaThread "dag-scheduler-event-loop" daemon [_thread_blocked, id=9064, stack(0x0000000028ec0000,0x0000000028fc0000)]
  0x0000000022589800 JavaThread "Timer-0" daemon [_thread_blocked, id=15956, stack(0x0000000028dc0000,0x0000000028ec0000)]
  0x0000000022588000 JavaThread "netty-rpc-env-timeout" daemon [_thread_blocked, id=12736, stack(0x0000000028cc0000,0x0000000028dc0000)]
  0x0000000022589000 JavaThread "heartbeat-receiver-event-loop-thread" daemon [_thread_blocked, id=5524, stack(0x0000000028bc0000,0x0000000028cc0000)]
  0x000000002258b000 JavaThread "qtp1690050988-66" daemon [_thread_blocked, id=15336, stack(0x0000000028ac0000,0x0000000028bc0000)]
  0x000000002258c800 JavaThread "qtp1690050988-65" daemon [_thread_blocked, id=816, stack(0x00000000289c0000,0x0000000028ac0000)]
  0x000000002258a800 JavaThread "qtp1690050988-64 Acceptor1 SelectChannelConnector@0.0.0.0:4040" daemon [_thread_blocked, id=14544, stack(0x00000000288c0000,0x00000000289c0000)]
  0x0000000022583000 JavaThread "qtp1690050988-63 Acceptor0 SelectChannelConnector@0.0.0.0:4040" daemon [_thread_in_native, id=12840, stack(0x00000000287c0000,0x00000000288c0000)]
  0x0000000022580800 JavaThread "qtp1690050988-62" daemon [_thread_blocked, id=12056, stack(0x00000000286c0000,0x00000000287c0000)]
  0x0000000022587800 JavaThread "qtp1690050988-61" daemon [_thread_blocked, id=9056, stack(0x00000000285c0000,0x00000000286c0000)]
  0x0000000022586800 JavaThread "qtp1690050988-60 Selector1" daemon [_thread_in_native, id=5948, stack(0x00000000284c0000,0x00000000285c0000)]
  0x0000000022582000 JavaThread "qtp1690050988-59 Selector0" daemon [_thread_in_native, id=14020, stack(0x00000000283c0000,0x00000000284c0000)]
  0x000000002257f000 JavaThread "refresh progress" daemon [_thread_blocked, id=11164, stack(0x0000000026fe0000,0x00000000270e0000)]
  0x0000000022586000 JavaThread "SPARK_CONTEXT cleanup timer" daemon [_thread_blocked, id=4108, stack(0x0000000026ee0000,0x0000000026fe0000)]
  0x0000000022581000 JavaThread "BROADCAST_VARS cleanup timer" daemon [_thread_blocked, id=6720, stack(0x0000000026de0000,0x0000000026ee0000)]
  0x000000002257f800 JavaThread "BLOCK_MANAGER cleanup timer" daemon [_thread_blocked, id=12968, stack(0x0000000026ce0000,0x0000000026de0000)]
  0x0000000022585000 JavaThread "MAP_OUTPUT_TRACKER cleanup timer" daemon [_thread_blocked, id=13076, stack(0x00000000269e0000,0x0000000026ae0000)]
  0x000000002257e000 JavaThread "New I/O server boss #6" daemon [_thread_in_native, id=17376, stack(0x00000000268e0000,0x00000000269e0000)]
  0x0000000022583800 JavaThread "New I/O worker #5" daemon [_thread_in_native, id=11732, stack(0x00000000267e0000,0x00000000268e0000)]
  0x0000000022584800 JavaThread "New I/O worker #4" daemon [_thread_in_native, id=4588, stack(0x00000000266e0000,0x00000000267e0000)]
  0x00000000206a2800 JavaThread "New I/O boss #3" daemon [_thread_in_native, id=6700, stack(0x00000000265e0000,0x00000000266e0000)]
  0x00000000206a1800 JavaThread "New I/O worker #2" daemon [_thread_in_native, id=17172, stack(0x00000000264e0000,0x00000000265e0000)]
  0x00000000206a0000 JavaThread "New I/O worker #1" daemon [_thread_in_native, id=1456, stack(0x00000000263e0000,0x00000000264e0000)]
  0x000000002069f800 JavaThread "sparkDriverActorSystem-akka.remote.default-remote-dispatcher-6" daemon [_thread_blocked, id=13584, stack(0x00000000262e0000,0x00000000263e0000)]
  0x000000002069b800 JavaThread "sparkDriverActorSystem-akka.remote.default-remote-dispatcher-5" daemon [_thread_blocked, id=13680, stack(0x0000000025fe0000,0x00000000260e0000)]
  0x000000002069e800 JavaThread "sparkDriverActorSystem-akka.actor.default-dispatcher-4" daemon [_thread_blocked, id=6440, stack(0x0000000025ee0000,0x0000000025fe0000)]
  0x000000002069c800 JavaThread "sparkDriverActorSystem-akka.actor.default-dispatcher-3" daemon [_thread_blocked, id=13700, stack(0x0000000025de0000,0x0000000025ee0000)]
  0x000000002069e000 JavaThread "sparkDriverActorSystem-akka.actor.default-dispatcher-2" daemon [_thread_blocked, id=11900, stack(0x0000000025ce0000,0x0000000025de0000)]
  0x000000002069d000 JavaThread "sparkDriverActorSystem-scheduler-1" daemon [_thread_blocked, id=1836, stack(0x0000000025be0000,0x0000000025ce0000)]
  0x00000000206a1000 JavaThread "shuffle-server-0" daemon [_thread_in_native, id=12568, stack(0x00000000258e0000,0x00000000259e0000)]
  0x0000000022882800 JavaThread "dispatcher-event-loop-7" daemon [_thread_blocked, id=12256, stack(0x00000000254e0000,0x00000000255e0000)]
  0x000000002287f800 JavaThread "dispatcher-event-loop-6" daemon [_thread_blocked, id=14904, stack(0x00000000253e0000,0x00000000254e0000)]
  0x000000002287d000 JavaThread "dispatcher-event-loop-5" daemon [_thread_blocked, id=11960, stack(0x00000000251e0000,0x00000000252e0000)]
  0x000000002273c000 JavaThread "dispatcher-event-loop-4" daemon [_thread_blocked, id=16192, stack(0x00000000250e0000,0x00000000251e0000)]
  0x000000002273b800 JavaThread "dispatcher-event-loop-3" daemon [_thread_blocked, id=12464, stack(0x0000000024fe0000,0x00000000250e0000)]
  0x000000002273a800 JavaThread "dispatcher-event-loop-2" daemon [_thread_blocked, id=9228, stack(0x0000000024ee0000,0x0000000024fe0000)]
  0x0000000022738000 JavaThread "dispatcher-event-loop-1" daemon [_thread_blocked, id=15344, stack(0x0000000024de0000,0x0000000024ee0000)]
  0x0000000022737800 JavaThread "dispatcher-event-loop-0" daemon [_thread_blocked, id=8464, stack(0x0000000024ce0000,0x0000000024de0000)]
  0x00000000214fe800 JavaThread "Service Thread" daemon [_thread_blocked, id=9156, stack(0x0000000021c30000,0x0000000021d30000)]
  0x000000002143d000 JavaThread "C1 CompilerThread3" daemon [_thread_blocked, id=10120, stack(0x0000000021b30000,0x0000000021c30000)]
  0x00000000213eb000 JavaThread "C2 CompilerThread2" daemon [_thread_blocked, id=16452, stack(0x0000000021a30000,0x0000000021b30000)]
  0x00000000213e8000 JavaThread "C2 CompilerThread1" daemon [_thread_blocked, id=12336, stack(0x0000000021930000,0x0000000021a30000)]
  0x00000000213cb800 JavaThread "C2 CompilerThread0" daemon [_thread_blocked, id=16404, stack(0x0000000021830000,0x0000000021930000)]
  0x000000002143a000 JavaThread "Monitor Ctrl-Break" daemon [_thread_in_native, id=15480, stack(0x0000000021730000,0x0000000021830000)]
  0x0000000020676000 JavaThread "Attach Listener" daemon [_thread_blocked, id=2476, stack(0x0000000020e30000,0x0000000020f30000)]
  0x0000000020675000 JavaThread "Signal Dispatcher" daemon [_thread_blocked, id=14848, stack(0x0000000020d30000,0x0000000020e30000)]
  0x000000001e779800 JavaThread "Finalizer" daemon [_thread_blocked, id=14780, stack(0x0000000020a40000,0x0000000020b40000)]
  0x000000001e772800 JavaThread "Reference Handler" daemon [_thread_blocked, id=3388, stack(0x0000000020540000,0x0000000020640000)]
  0x00000000049ce800 JavaThread "main" [_thread_blocked, id=6104, stack(0x00000000049d0000,0x0000000004ad0000)]

Other Threads:
  0x000000001e769800 VMThread [stack: 0x0000000020440000,0x0000000020540000] [id=2940]
  0x000000002156c800 WatcherThread [stack: 0x0000000021d30000,0x0000000021e30000] [id=4808]

VM state:not at safepoint (normal execution)

VM Mutex/Monitor currently owned by a thread: None

Heap:
 PSYoungGen      total 704512K, used 50123K [0x000000076b400000, 0x0000000799600000, 0x00000007c0000000)
  eden space 658944K, 2% used [0x000000076b400000,0x000000076c6ef900,0x0000000793780000)
  from space 45568K, 67% used [0x0000000796500000,0x0000000798303358,0x0000000799180000)
  to   space 46592K, 0% used [0x0000000793780000,0x0000000793780000,0x0000000796500000)
 ParOldGen       total 335872K, used 156891K [0x00000006c1c00000, 0x00000006d6400000, 0x000000076b400000)
  object space 335872K, 46% used [0x00000006c1c00000,0x00000006cb536e38,0x00000006d6400000)
 Metaspace       used 44667K, capacity 45058K, committed 45440K, reserved 1087488K
  class space    used 6265K, capacity 6404K, committed 6528K, reserved 1048576K

Card table byte_map: [0x0000000014110000,0x0000000014910000] byte_map_base: 0x0000000010b02000

Marking Bits: (ParMarkBitMap*) 0x000000006563f860
 Begin Bits: [0x0000000015660000, 0x00000000195f0000)
 End Bits:   [0x00000000195f0000, 0x000000001d580000)

Polling page: 0x0000000002fd0000

CodeCache: size=245760Kb used=13462Kb max_used=14470Kb free=232297Kb
 bounds [0x0000000004d50000, 0x0000000005b80000, 0x0000000013d50000]
 total_blobs=4696 nmethods=3972 adapters=636
 compilation: enabled

Compilation events (10 events):
Event: 18.860 Thread 0x00000000213cb800 4473       4       java.lang.Class::forName (53 bytes)
Event: 18.861 Thread 0x00000000213cb800 nmethod 4473 0x0000000005062d50 code [0x0000000005062ea0, 0x0000000005062f28]
Event: 18.863 Thread 0x000000002143d000 4474       3       scala.collection.immutable.List::$colon$colon$colon (38 bytes)
Event: 18.864 Thread 0x000000002143d000 nmethod 4474 0x00000000050cb3d0 code [0x00000000050cb620, 0x00000000050cc7c8]
Event: 19.134 Thread 0x000000002143d000 4475       3       scala.collection.mutable.ArrayBuilder$ofRef::sizeHint (14 bytes)
Event: 19.135 Thread 0x000000002143d000 nmethod 4475 0x00000000050c8a50 code [0x00000000050c8be0, 0x00000000050c8f28]
Event: 19.170 Thread 0x00000000213e8000 4476       4       java.lang.Class::getEnclosingClass (60 bytes)
Event: 19.171 Thread 0x00000000213e8000 nmethod 4476 0x0000000004eede50 code [0x0000000004eedfc0, 0x0000000004eee0c8]
Event: 19.191 Thread 0x000000002143d000 4477   !   3       sun.nio.ch.WindowsSelectorImpl::resetWakeupSocket (41 bytes)
Event: 19.191 Thread 0x000000002143d000 nmethod 4477 0x00000000050548d0 code [0x0000000005054a40, 0x0000000005054e28]

GC Heap History (10 events):
Event: 14.895 GC heap before
{Heap before GC invocations=21 (full 2):
 PSYoungGen      total 492544K, used 471998K [0x000000076b400000, 0x000000078c200000, 0x00000007c0000000)
  eden space 450560K, 100% used [0x000000076b400000,0x0000000786c00000,0x0000000786c00000)
  from space 41984K, 51% used [0x0000000789900000,0x000000078adefb88,0x000000078c200000)
  to   space 44032K, 0% used [0x0000000786c00000,0x0000000786c00000,0x0000000789700000)
 ParOldGen       total 147456K, used 103322K [0x00000006c1c00000, 0x00000006cac00000, 0x000000076b400000)
  object space 147456K, 70% used [0x00000006c1c00000,0x00000006c80e6950,0x00000006cac00000)
 Metaspace       used 44640K, capacity 45058K, committed 45440K, reserved 1087488K
  class space    used 6265K, capacity 6404K, committed 6528K, reserved 1048576K
Event: 14.914 GC heap after
Heap after GC invocations=21 (full 2):
 PSYoungGen      total 494592K, used 25596K [0x000000076b400000, 0x0000000791f80000, 0x00000007c0000000)
  eden space 450560K, 0% used [0x000000076b400000,0x000000076b400000,0x0000000786c00000)
  from space 44032K, 58% used [0x0000000786c00000,0x00000007884ff0b8,0x0000000789700000)
  to   space 44032K, 0% used [0x000000078f480000,0x000000078f480000,0x0000000791f80000)
 ParOldGen       total 147456K, used 117354K [0x00000006c1c00000, 0x00000006cac00000, 0x000000076b400000)
  object space 147456K, 79% used [0x00000006c1c00000,0x00000006c8e9a950,0x00000006cac00000)
 Metaspace       used 44640K, capacity 45058K, committed 45440K, reserved 1087488K
  class space    used 6265K, capacity 6404K, committed 6528K, reserved 1048576K
}
Event: 16.170 GC heap before
{Heap before GC invocations=22 (full 2):
 PSYoungGen      total 494592K, used 476156K [0x000000076b400000, 0x0000000791f80000, 0x00000007c0000000)
  eden space 450560K, 100% used [0x000000076b400000,0x0000000786c00000,0x0000000786c00000)
  from space 44032K, 58% used [0x0000000786c00000,0x00000007884ff0b8,0x0000000789700000)
  to   space 44032K, 0% used [0x000000078f480000,0x000000078f480000,0x0000000791f80000)
 ParOldGen       total 147456K, used 117354K [0x00000006c1c00000, 0x00000006cac00000, 0x000000076b400000)
  object space 147456K, 79% used [0x00000006c1c00000,0x00000006c8e9a950,0x00000006cac00000)
 Metaspace       used 44650K, capacity 45058K, committed 45440K, reserved 1087488K
  class space    used 6265K, capacity 6404K, committed 6528K, reserved 1048576K
Event: 16.185 GC heap after
Heap after GC invocations=22 (full 2):
 PSYoungGen      total 587264K, used 25860K [0x000000076b400000, 0x0000000791e00000, 0x00000007c0000000)
  eden space 544768K, 0% used [0x000000076b400000,0x000000076b400000,0x000000078c800000)
  from space 42496K, 60% used [0x000000078f480000,0x0000000790dc1250,0x0000000791e00000)
  to   space 44032K, 0% used [0x000000078c800000,0x000000078c800000,0x000000078f300000)
 ParOldGen       total 147456K, used 134930K [0x00000006c1c00000, 0x00000006cac00000, 0x000000076b400000)
  object space 147456K, 91% used [0x00000006c1c00000,0x00000006c9fc4950,0x00000006cac00000)
 Metaspace       used 44650K, capacity 45058K, committed 45440K, reserved 1087488K
  class space    used 6265K, capacity 6404K, committed 6528K, reserved 1048576K
}
Event: 16.185 GC heap before
{Heap before GC invocations=23 (full 3):
 PSYoungGen      total 587264K, used 25860K [0x000000076b400000, 0x0000000791e00000, 0x00000007c0000000)
  eden space 544768K, 0% used [0x000000076b400000,0x000000076b400000,0x000000078c800000)
  from space 42496K, 60% used [0x000000078f480000,0x0000000790dc1250,0x0000000791e00000)
  to   space 44032K, 0% used [0x000000078c800000,0x000000078c800000,0x000000078f300000)
 ParOldGen       total 147456K, used 134930K [0x00000006c1c00000, 0x00000006cac00000, 0x000000076b400000)
  object space 147456K, 91% used [0x00000006c1c00000,0x00000006c9fc4950,0x00000006cac00000)
 Metaspace       used 44650K, capacity 45058K, committed 45440K, reserved 1087488K
  class space    used 6265K, capacity 6404K, committed 6528K, reserved 1048576K
Event: 16.290 GC heap after
Heap after GC invocations=23 (full 3):
 PSYoungGen      total 587264K, used 0K [0x000000076b400000, 0x0000000791e00000, 0x00000007c0000000)
  eden space 544768K, 0% used [0x000000076b400000,0x000000076b400000,0x000000078c800000)
  from space 42496K, 0% used [0x000000078f480000,0x000000078f480000,0x0000000791e00000)
  to   space 44032K, 0% used [0x000000078c800000,0x000000078c800000,0x000000078f300000)
 ParOldGen       total 335872K, used 134560K [0x00000006c1c00000, 0x00000006d6400000, 0x000000076b400000)
  object space 335872K, 40% used [0x00000006c1c00000,0x00000006c9f68328,0x00000006d6400000)
 Metaspace       used 44650K, capacity 45058K, committed 45440K, reserved 1087488K
  class space    used 6265K, capacity 6404K, committed 6528K, reserved 1048576K
}
Event: 17.716 GC heap before
{Heap before GC invocations=24 (full 3):
 PSYoungGen      total 587264K, used 544768K [0x000000076b400000, 0x0000000791e00000, 0x00000007c0000000)
  eden space 544768K, 100% used [0x000000076b400000,0x000000078c800000,0x000000078c800000)
  from space 42496K, 0% used [0x000000078f480000,0x000000078f480000,0x0000000791e00000)
  to   space 44032K, 0% used [0x000000078c800000,0x000000078c800000,0x000000078f300000)
 ParOldGen       total 335872K, used 134560K [0x00000006c1c00000, 0x00000006d6400000, 0x000000076b400000)
  object space 335872K, 40% used [0x00000006c1c00000,0x00000006c9f68328,0x00000006d6400000)
 Metaspace       used 44651K, capacity 45058K, committed 45440K, reserved 1087488K
  class space    used 6265K, capacity 6404K, committed 6528K, reserved 1048576K
Event: 17.730 GC heap after
Heap after GC invocations=24 (full 3):
 PSYoungGen      total 588800K, used 31648K [0x000000076b400000, 0x0000000799180000, 0x00000007c0000000)
  eden space 544768K, 0% used [0x000000076b400000,0x000000076b400000,0x000000078c800000)
  from space 44032K, 71% used [0x000000078c800000,0x000000078e6e8158,0x000000078f300000)
  to   space 45568K, 0% used [0x0000000796500000,0x0000000796500000,0x0000000799180000)
 ParOldGen       total 335872K, used 134560K [0x00000006c1c00000, 0x00000006d6400000, 0x000000076b400000)
  object space 335872K, 40% used [0x00000006c1c00000,0x00000006c9f68328,0x00000006d6400000)
 Metaspace       used 44651K, capacity 45058K, committed 45440K, reserved 1087488K
  class space    used 6265K, capacity 6404K, committed 6528K, reserved 1048576K
}
Event: 19.195 GC heap before
{Heap before GC invocations=25 (full 3):
 PSYoungGen      total 588800K, used 576416K [0x000000076b400000, 0x0000000799180000, 0x00000007c0000000)
  eden space 544768K, 100% used [0x000000076b400000,0x000000078c800000,0x000000078c800000)
  from space 44032K, 71% used [0x000000078c800000,0x000000078e6e8158,0x000000078f300000)
  to   space 45568K, 0% used [0x0000000796500000,0x0000000796500000,0x0000000799180000)
 ParOldGen       total 335872K, used 134560K [0x00000006c1c00000, 0x00000006d6400000, 0x000000076b400000)
  object space 335872K, 40% used [0x00000006c1c00000,0x00000006c9f68328,0x00000006d6400000)
 Metaspace       used 44667K, capacity 45058K, committed 45440K, reserved 1087488K
  class space    used 6265K, capacity 6404K, committed 6528K, reserved 1048576K
Event: 19.217 GC heap after
Heap after GC invocations=25 (full 3):
 PSYoungGen      total 704512K, used 30732K [0x000000076b400000, 0x0000000799600000, 0x00000007c0000000)
  eden space 658944K, 0% used [0x000000076b400000,0x000000076b400000,0x0000000793780000)
  from space 45568K, 67% used [0x0000000796500000,0x0000000798303358,0x0000000799180000)
  to   space 46592K, 0% used [0x0000000793780000,0x0000000793780000,0x0000000796500000)
 ParOldGen       total 335872K, used 156891K [0x00000006c1c00000, 0x00000006d6400000, 0x000000076b400000)
  object space 335872K, 46% used [0x00000006c1c00000,0x00000006cb536e38,0x00000006d6400000)
 Metaspace       used 44667K, capacity 45058K, committed 45440K, reserved 1087488K
  class space    used 6265K, capacity 6404K, committed 6528K, reserved 1048576K
}

Deoptimization events (10 events):
Event: 6.653 Thread 0x000000002358c000 Uncommon trap: reason=null_check action=make_not_entrant pc=0x000000000573d678 method=java.nio.charset.CoderResult$Cache.get(I)Ljava/nio/charset/CoderResult; @ 69
Event: 6.654 Thread 0x000000002358c000 Uncommon trap: reason=null_check action=make_not_entrant pc=0x0000000005701c60 method=java.nio.charset.CoderResult$Cache.get(I)Ljava/nio/charset/CoderResult; @ 69
Event: 6.658 Thread 0x000000002358c000 Uncommon trap: reason=unstable_if action=reinterpret pc=0x00000000056f7554 method=sun.nio.cs.UTF_8$Decoder.malformedN(Ljava/nio/ByteBuffer;I)Ljava/nio/charset/CoderResult; @ 141
Event: 6.689 Thread 0x000000002358c000 Uncommon trap: reason=unstable_if action=reinterpret pc=0x0000000005845fb8 method=org.bytedeco.javacpp.helper.opencv_core$AbstractCvMat.getFloatBuffer()Ljava/nio/FloatBuffer; @ 4
Event: 7.012 Thread 0x000000002358c000 Uncommon trap: reason=predicate action=maybe_recompile pc=0x00000000058ef040 method=java.util.LinkedList.toArray([Ljava/lang/Object;)[Ljava/lang/Object; @ 45
Event: 7.016 Thread 0x000000002358c000 Uncommon trap: reason=array_check action=maybe_recompile pc=0x0000000004e70cd0 method=java.util.LinkedList.toArray([Ljava/lang/Object;)[Ljava/lang/Object; @ 55
Event: 7.016 Thread 0x000000002358c000 Uncommon trap: reason=array_check action=maybe_recompile pc=0x0000000004e70cd0 method=java.util.LinkedList.toArray([Ljava/lang/Object;)[Ljava/lang/Object; @ 55
Event: 7.016 Thread 0x000000002358c000 Uncommon trap: reason=array_check action=maybe_recompile pc=0x0000000004e70cd0 method=java.util.LinkedList.toArray([Ljava/lang/Object;)[Ljava/lang/Object; @ 55
Event: 7.016 Thread 0x000000002358c000 Uncommon trap: reason=array_check action=maybe_recompile pc=0x0000000004e70cd0 method=java.util.LinkedList.toArray([Ljava/lang/Object;)[Ljava/lang/Object; @ 55
Event: 11.672 Thread 0x0000000023592000 Uncommon trap: reason=unstable_if action=reinterpret pc=0x00000000058b0ce8 method=sun.nio.cs.UTF_8$Decoder.decodeArrayLoop(Ljava/nio/ByteBuffer;Ljava/nio/CharBuffer;)Ljava/nio/charset/CoderResult; @ 447

Classes redefined (0 events):
No events

Internal exceptions (10 events):
Event: 4.108 Thread 0x000000002258c000 Exception <a 'java/lang/NoSuchMethodError': <clinit>> (0x0000000770311110) thrown at [C:\re\workspace\8-2-build-windows-amd64-cygwin\jdk8u161\10277\hotspot\src\share\vm\prims\jni.cpp, line 1613]
Event: 4.150 Thread 0x000000002287f800 Exception <a 'java/lang/NoSuchMethodError': <clinit>> (0x0000000770f2ff30) thrown at [C:\re\workspace\8-2-build-windows-amd64-cygwin\jdk8u161\10277\hotspot\src\share\vm\prims\jni.cpp, line 1613]
Event: 4.150 Thread 0x000000002287f800 Exception <a 'java/lang/NoSuchMethodError': <clinit>> (0x0000000770f35280) thrown at [C:\re\workspace\8-2-build-windows-amd64-cygwin\jdk8u161\10277\hotspot\src\share\vm\prims\jni.cpp, line 1613]
Event: 4.151 Thread 0x000000002287f800 Exception <a 'java/lang/NoSuchMethodError': <clinit>> (0x0000000770f4e210) thrown at [C:\re\workspace\8-2-build-windows-amd64-cygwin\jdk8u161\10277\hotspot\src\share\vm\prims\jni.cpp, line 1613]
Event: 4.151 Thread 0x000000002287f800 Exception <a 'java/lang/NoSuchMethodError': <clinit>> (0x0000000770f52d18) thrown at [C:\re\workspace\8-2-build-windows-amd64-cygwin\jdk8u161\10277\hotspot\src\share\vm\prims\jni.cpp, line 1613]
Event: 4.153 Thread 0x000000002287f800 Exception <a 'java/lang/NoSuchMethodError': <clinit>> (0x0000000770f830e0) thrown at [C:\re\workspace\8-2-build-windows-amd64-cygwin\jdk8u161\10277\hotspot\src\share\vm\prims\jni.cpp, line 1613]
Event: 4.153 Thread 0x000000002287f800 Exception <a 'java/lang/NoSuchMethodError': <clinit>> (0x0000000770f8ae38) thrown at [C:\re\workspace\8-2-build-windows-amd64-cygwin\jdk8u161\10277\hotspot\src\share\vm\prims\jni.cpp, line 1613]
Event: 6.653 Thread 0x000000002358c000 Implicit null exception at 0x0000000005739772 to 0x000000000573d645
Event: 6.654 Thread 0x000000002358c000 Implicit null exception at 0x0000000005701857 to 0x0000000005701c51
Event: 6.689 Thread 0x000000002358c000 Implicit null exception at 0x0000000005845dca to 0x0000000005845fa0

Events (10 events):
Event: 13.611 Executing VM operation: ParallelGCFailedAllocation
Event: 13.625 Executing VM operation: ParallelGCFailedAllocation done
Event: 14.895 Executing VM operation: ParallelGCFailedAllocation
Event: 14.914 Executing VM operation: ParallelGCFailedAllocation done
Event: 16.170 Executing VM operation: ParallelGCFailedAllocation
Event: 16.290 Executing VM operation: ParallelGCFailedAllocation done
Event: 17.716 Executing VM operation: ParallelGCFailedAllocation
Event: 17.730 Executing VM operation: ParallelGCFailedAllocation done
Event: 19.195 Executing VM operation: ParallelGCFailedAllocation
Event: 19.217 Executing VM operation: ParallelGCFailedAllocation done


Dynamic libraries:
0x00007ff7d27c0000 - 0x00007ff7d27f7000 	D:\Program Files\Java\jdk1.8.0_161\jre\bin\java.exe
0x00007ffac1870000 - 0x00007ffac1a50000 	C:\WINDOWS\SYSTEM32\ntdll.dll
0x00007ffac1790000 - 0x00007ffac183e000 	C:\WINDOWS\System32\KERNEL32.DLL
0x00007ffabeab0000 - 0x00007ffabed16000 	C:\WINDOWS\System32\KERNELBASE.dll
0x00007ffabf5a0000 - 0x00007ffabf641000 	C:\WINDOWS\System32\ADVAPI32.dll
0x00007ffac0e80000 - 0x00007ffac0f1d000 	C:\WINDOWS\System32\msvcrt.dll
0x00007ffac0b80000 - 0x00007ffac0bdb000 	C:\WINDOWS\System32\sechost.dll
0x00007ffabed50000 - 0x00007ffabee6f000 	C:\WINDOWS\System32\RPCRT4.dll
0x00007ffabee70000 - 0x00007ffabefff000 	C:\WINDOWS\System32\USER32.dll
0x00007ffabed20000 - 0x00007ffabed40000 	C:\WINDOWS\System32\win32u.dll
0x00007ffac0e50000 - 0x00007ffac0e78000 	C:\WINDOWS\System32\GDI32.dll
0x00007ffabe7b0000 - 0x00007ffabe943000 	C:\WINDOWS\System32\gdi32full.dll
0x00007ffabe3c0000 - 0x00007ffabe45b000 	C:\WINDOWS\System32\msvcp_win.dll
0x00007ffabe9b0000 - 0x00007ffabeaa6000 	C:\WINDOWS\System32\ucrtbase.dll
0x00007ffab37c0000 - 0x00007ffab3a29000 	C:\WINDOWS\WinSxS\amd64_microsoft.windows.common-controls_6595b64144ccf1df_6.0.16299.309_none_15cfd4c4935e6b11\COMCTL32.dll
0x00007ffabf260000 - 0x00007ffabf568000 	C:\WINDOWS\System32\combase.dll
0x00007ffabe510000 - 0x00007ffabe582000 	C:\WINDOWS\System32\bcryptPrimitives.dll
0x00007ffabf570000 - 0x00007ffabf59d000 	C:\WINDOWS\System32\IMM32.DLL
0x0000000067690000 - 0x0000000067762000 	D:\Program Files\Java\jdk1.8.0_161\jre\bin\msvcr100.dll
0x0000000064e20000 - 0x00000000656bf000 	D:\Program Files\Java\jdk1.8.0_161\jre\bin\server\jvm.dll
0x00007ffabed40000 - 0x00007ffabed48000 	C:\WINDOWS\System32\PSAPI.DLL
0x00007ffaa5650000 - 0x00007ffaa5659000 	C:\WINDOWS\SYSTEM32\WSOCK32.dll
0x00007ffab95f0000 - 0x00007ffab9613000 	C:\WINDOWS\SYSTEM32\WINMM.dll
0x00007ffab7580000 - 0x00007ffab758a000 	C:\WINDOWS\SYSTEM32\VERSION.dll
0x00007ffabf650000 - 0x00007ffabf6bc000 	C:\WINDOWS\System32\WS2_32.dll
0x00007ffab94e0000 - 0x00007ffab950a000 	C:\WINDOWS\SYSTEM32\WINMMBASE.dll
0x00007ffabe590000 - 0x00007ffabe5da000 	C:\WINDOWS\System32\cfgmgr32.dll
0x0000000067680000 - 0x000000006768f000 	D:\Program Files\Java\jdk1.8.0_161\jre\bin\verify.dll
0x0000000067650000 - 0x0000000067679000 	D:\Program Files\Java\jdk1.8.0_161\jre\bin\java.dll
0x0000000067560000 - 0x0000000067583000 	D:\Program Files\Java\jdk1.8.0_161\jre\bin\instrument.dll
0x00000000675e0000 - 0x00000000675f6000 	D:\Program Files\Java\jdk1.8.0_161\jre\bin\zip.dll
0x00007ffabf740000 - 0x00007ffac0b76000 	C:\WINDOWS\System32\SHELL32.dll
0x00007ffabf000000 - 0x00007ffabf0a6000 	C:\WINDOWS\System32\shcore.dll
0x00007ffabdc70000 - 0x00007ffabe3b7000 	C:\WINDOWS\System32\windows.storage.dll
0x00007ffac0d60000 - 0x00007ffac0db1000 	C:\WINDOWS\System32\shlwapi.dll
0x00007ffabdbe0000 - 0x00007ffabdbf1000 	C:\WINDOWS\System32\kernel.appcore.dll
0x00007ffabdc00000 - 0x00007ffabdc4c000 	C:\WINDOWS\System32\powrprof.dll
0x00007ffabdbc0000 - 0x00007ffabdbdb000 	C:\WINDOWS\System32\profapi.dll
0x00007ffaba6e0000 - 0x00007ffaba6fa000 	D:\Program Files\JetBrains\IntelliJ IDEA Community Edition 2017.3.3\bin\breakgen64.dll
0x00000000675b0000 - 0x00000000675ca000 	D:\Program Files\Java\jdk1.8.0_161\jre\bin\net.dll
0x00007ffabd450000 - 0x00007ffabd4b6000 	C:\WINDOWS\system32\mswsock.dll
0x00007ffabd610000 - 0x00007ffabd627000 	C:\WINDOWS\SYSTEM32\CRYPTSP.dll
0x00007ffabd050000 - 0x00007ffabd083000 	C:\WINDOWS\system32\rsaenh.dll
0x00007ffabd720000 - 0x00007ffabd745000 	C:\WINDOWS\SYSTEM32\bcrypt.dll
0x00007ffabdac0000 - 0x00007ffabdae9000 	C:\WINDOWS\SYSTEM32\USERENV.dll
0x00007ffabd630000 - 0x00007ffabd63b000 	C:\WINDOWS\SYSTEM32\CRYPTBASE.dll
0x00007ffabd1e0000 - 0x00007ffabd219000 	C:\WINDOWS\SYSTEM32\IPHLPAPI.DLL
0x00007ffac0be0000 - 0x00007ffac0be8000 	C:\WINDOWS\System32\NSI.dll
0x00007ffab8170000 - 0x00007ffab8186000 	C:\WINDOWS\SYSTEM32\dhcpcsvc6.DLL
0x00007ffab7c70000 - 0x00007ffab7c8a000 	C:\WINDOWS\SYSTEM32\dhcpcsvc.DLL
0x0000000067590000 - 0x00000000675a1000 	D:\Program Files\Java\jdk1.8.0_161\jre\bin\nio.dll
0x0000000066aa0000 - 0x0000000066aad000 	D:\Program Files\Java\jdk1.8.0_161\jre\bin\management.dll
0x0000000066a90000 - 0x0000000066a99000 	D:\Program Files\Java\jdk1.8.0_161\jre\bin\w2k_lsa_auth.dll
0x00007ffab3790000 - 0x00007ffab379c000 	C:\WINDOWS\SYSTEM32\Secur32.dll
0x00007ffabdaf0000 - 0x00007ffabdb20000 	C:\WINDOWS\SYSTEM32\SSPICLI.DLL
0x0000000066a80000 - 0x0000000066a88000 	D:\Program Files\Java\jdk1.8.0_161\jre\bin\jaas_nt.dll
0x00007ffa8c580000 - 0x00007ffa8c596000 	C:\WINDOWS\system32\napinsp.dll
0x00007ffa8c560000 - 0x00007ffa8c57a000 	C:\WINDOWS\system32\pnrpnsp.dll
0x00007ffaba4f0000 - 0x00007ffaba508000 	C:\WINDOWS\system32\NLAapi.dll
0x00007ffabd220000 - 0x00007ffabd2d6000 	C:\WINDOWS\SYSTEM32\DNSAPI.dll
0x00007ffa90350000 - 0x00007ffa9035e000 	C:\WINDOWS\System32\winrnr.dll
0x00007ffaae840000 - 0x00007ffaae855000 	C:\WINDOWS\System32\wshbth.dll
0x00007ffab1cd0000 - 0x00007ffab1cda000 	C:\Windows\System32\rasadhlp.dll
0x00007ffab0ca0000 - 0x00007ffab0d10000 	C:\WINDOWS\System32\fwpuclnt.dll
0x0000000066a50000 - 0x0000000066a74000 	D:\Program Files\Java\jdk1.8.0_161\jre\bin\sunec.dll
0x00007ffab5fc0000 - 0x00007ffab5fcb000 	C:\WINDOWS\SYSTEM32\WINNSI.DLL
0x0000000070280000 - 0x00000000702a9000 	C:\Users\Geovanni.TheBeast-Snipes\AppData\Local\Temp\snappy-1.1.2-e1bac69a-dc83-4c1d-b38e-f3824ddc6433-snappyjava.dll
0x0000000066970000 - 0x0000000066a41000 	C:\Users\Geovanni.TheBeast-Snipes\AppData\Local\Temp\javacpp6299864610588\msvcr100.dll
0x00000000668d0000 - 0x0000000066968000 	C:\Users\Geovanni.TheBeast-Snipes\AppData\Local\Temp\javacpp6299864610588\msvcp100.dll
0x00007ffa6a930000 - 0x00007ffa6abb0000 	C:\Users\Geovanni.TheBeast-Snipes\AppData\Local\Temp\javacpp6299864610588\opencv_core2411.dll
0x00007ffa6ae20000 - 0x00007ffa6b012000 	C:\Users\Geovanni.TheBeast-Snipes\AppData\Local\Temp\javacpp6299864610588\jniopencv_core.dll
0x00007ffa6a660000 - 0x00007ffa6a921000 	C:\Users\Geovanni.TheBeast-Snipes\AppData\Local\Temp\javacpp6299864610588\opencv_imgproc2411.dll
0x00007ffab3b80000 - 0x00007ffab3c28000 	C:\Users\Geovanni.TheBeast-Snipes\AppData\Local\Temp\javacpp6299864610588\jniopencv_imgproc.dll
0x000000002c350000 - 0x000000002d1c4000 	C:\Users\Geovanni.TheBeast-Snipes\AppData\Local\Temp\javacpp6299864610588\opencv_ffmpeg2411_64.dll
0x00007ffa6a410000 - 0x00007ffa6a65e000 	C:\Users\Geovanni.TheBeast-Snipes\AppData\Local\Temp\javacpp6299864610588\opencv_highgui2411.dll
0x00007ffabf0b0000 - 0x00007ffabf1f9000 	C:\WINDOWS\System32\ole32.dll
0x00007ffac0f20000 - 0x00007ffac0fe5000 	C:\WINDOWS\System32\OLEAUT32.dll
0x00007ffaba610000 - 0x00007ffaba639000 	C:\WINDOWS\SYSTEM32\MSVFW32.dll
0x00007ffaba6b0000 - 0x00007ffaba6cf000 	C:\WINDOWS\SYSTEM32\AVIFIL32.dll
0x00007ffab99f0000 - 0x00007ffab9a08000 	C:\WINDOWS\SYSTEM32\AVICAP32.dll
0x00007ffaab350000 - 0x00007ffaab36c000 	C:\WINDOWS\SYSTEM32\MSACM32.dll
0x00007ffab8a70000 - 0x00007ffab8ac1000 	C:\Users\Geovanni.TheBeast-Snipes\AppData\Local\Temp\javacpp6299864610588\jniopencv_highgui.dll
0x00007ffab3ae0000 - 0x00007ffab3b78000 	C:\Users\Geovanni.TheBeast-Snipes\AppData\Local\Temp\javacpp6299864610588\opencv_flann2411.dll
0x00007ffab8ca0000 - 0x00007ffab8cbc000 	C:\Users\Geovanni.TheBeast-Snipes\AppData\Local\Temp\javacpp6299864610588\jniopencv_flann.dll
0x00007ffaa5fb0000 - 0x00007ffaa608a000 	C:\Users\Geovanni.TheBeast-Snipes\AppData\Local\Temp\javacpp6299864610588\opencv_features2d2411.dll
0x00007ffab3ce0000 - 0x00007ffab3d45000 	C:\Users\Geovanni.TheBeast-Snipes\AppData\Local\Temp\javacpp6299864610588\jniopencv_features2d.dll
0x00007ffa962a0000 - 0x00007ffa963d5000 	C:\Users\Geovanni.TheBeast-Snipes\AppData\Local\Temp\javacpp6299864610588\opencv_calib3d2411.dll
0x00007ffab1550000 - 0x00007ffab159b000 	C:\Users\Geovanni.TheBeast-Snipes\AppData\Local\Temp\javacpp6299864610588\jniopencv_calib3d.dll
0x00007ffa95400000 - 0x00007ffa954cb000 	C:\Users\Geovanni.TheBeast-Snipes\AppData\Local\Temp\javacpp6299864610588\opencv_objdetect2411.dll
0x00007ffab1230000 - 0x00007ffab129d000 	C:\Users\Geovanni.TheBeast-Snipes\AppData\Local\Temp\javacpp6299864610588\jniopencv_objdetect.dll
0x00007ffaacc00000 - 0x00007ffaacc3f000 	C:\Users\Geovanni.TheBeast-Snipes\AppData\Local\Temp\javacpp6299864610588\opencv_photo2411.dll
0x00007ffab8c90000 - 0x00007ffab8c9d000 	C:\Users\Geovanni.TheBeast-Snipes\AppData\Local\Temp\javacpp6299864610588\jniopencv_photo.dll
0x00007ffa918f0000 - 0x00007ffa91986000 	C:\Users\Geovanni.TheBeast-Snipes\AppData\Local\Temp\javacpp6299864610588\opencv_ml2411.dll
0x00007ffa8f9b0000 - 0x00007ffa8fa4e000 	C:\Users\Geovanni.TheBeast-Snipes\AppData\Local\Temp\javacpp6299864610588\jniopencv_ml.dll
0x00007ffaa8350000 - 0x00007ffaa83c3000 	C:\Users\Geovanni.TheBeast-Snipes\AppData\Local\Temp\javacpp6299864610588\opencv_video2411.dll
0x00007ffaaf050000 - 0x00007ffaaf078000 	C:\Users\Geovanni.TheBeast-Snipes\AppData\Local\Temp\javacpp6299864610588\jniopencv_video.dll
0x00007ffa83980000 - 0x00007ffa83af0000 	C:\Users\Geovanni.TheBeast-Snipes\AppData\Local\Temp\javacpp6299864610588\opencv_legacy2411.dll
0x00007ffa6a290000 - 0x00007ffa6a40a000 	C:\Users\Geovanni.TheBeast-Snipes\AppData\Local\Temp\javacpp6299864610588\jniopencv_legacy.dll
0x00007ffa9fdc0000 - 0x00007ffa9fe3d000 	C:\Users\Geovanni.TheBeast-Snipes\AppData\Local\Temp\javacpp6299864610588\opencv_gpu2411.dll
0x00007ffa61ee0000 - 0x00007ffa621d5000 	C:\Users\Geovanni.TheBeast-Snipes\AppData\Local\Temp\javacpp6299864610588\opencv_ocl2411.dll
0x00007ffa8f900000 - 0x00007ffa8f9a6000 	C:\Users\Geovanni.TheBeast-Snipes\AppData\Local\Temp\javacpp6299864610588\opencv_nonfree2411.dll
0x00007ffab8a50000 - 0x00007ffab8a61000 	C:\Users\Geovanni.TheBeast-Snipes\AppData\Local\Temp\javacpp6299864610588\jniopencv_nonfree.dll
0x00007ffaa46d0000 - 0x00007ffaa4898000 	C:\WINDOWS\SYSTEM32\dbghelp.dll

VM Arguments:
jvm_args: -javaagent:D:\Program Files\JetBrains\IntelliJ IDEA Community Edition 2017.3.3\lib\idea_rt.jar=54615:D:\Program Files\JetBrains\IntelliJ IDEA Community Edition 2017.3.3\bin -Dfile.encoding=UTF-8 
java_command: IPApp
java_class_path (initial): D:\Program Files\Java\jdk1.8.0_161\jre\lib\charsets.jar;D:\Program Files\Java\jdk1.8.0_161\jre\lib\deploy.jar;D:\Program Files\Java\jdk1.8.0_161\jre\lib\ext\access-bridge-64.jar;D:\Program Files\Java\jdk1.8.0_161\jre\lib\ext\cldrdata.jar;D:\Program Files\Java\jdk1.8.0_161\jre\lib\ext\dnsns.jar;D:\Program Files\Java\jdk1.8.0_161\jre\lib\ext\jaccess.jar;D:\Program Files\Java\jdk1.8.0_161\jre\lib\ext\jfxrt.jar;D:\Program Files\Java\jdk1.8.0_161\jre\lib\ext\localedata.jar;D:\Program Files\Java\jdk1.8.0_161\jre\lib\ext\nashorn.jar;D:\Program Files\Java\jdk1.8.0_161\jre\lib\ext\sunec.jar;D:\Program Files\Java\jdk1.8.0_161\jre\lib\ext\sunjce_provider.jar;D:\Program Files\Java\jdk1.8.0_161\jre\lib\ext\sunmscapi.jar;D:\Program Files\Java\jdk1.8.0_161\jre\lib\ext\sunpkcs11.jar;D:\Program Files\Java\jdk1.8.0_161\jre\lib\ext\zipfs.jar;D:\Program Files\Java\jdk1.8.0_161\jre\lib\javaws.jar;D:\Program Files\Java\jdk1.8.0_161\jre\lib\jce.jar;D:\Program Files\Java\jdk1.8.0_161\jre\lib\jfr.jar;D:\Program Files\Java\jdk1.8.0_161\jre\lib\jfxswt.jar;D:\Program Files\Java\jdk1.8.0_161\jre\lib\jsse.jar;D:\Program Files\Java\jdk1.8.0_161\jre\lib\management-agent.jar;D:\Program Files\Java\jdk1.8.0_161\jre\lib\plugin.jar;D:\Program Files\Java\jdk1.8.0_161\jre\lib\resources.jar;D:\Program Files\Java\jdk1.8.0_161\jre\lib\rt.jar;F:\Big-Data\Project\Increment2\CS5542-Tutorial2B-SourceCode\target\scala-2.11\classes;C:\Users\Geovanni.TheBeast-Snipes\.ivy2\cache\aopalliance\aopalliance\jars\aopalliance-1.0.jar;C:\Users\Geovanni.TheBeast-Snipes\.ivy2\cache\xmlenc\xmlenc\jars\xmlenc-0.52.jar;C:\Users\Geovanni.TheBeast-Snipes\.ivy2\cache\stax\stax-api\jars\stax-api-1.0.1.jar;C:\Users\Geovanni.TheBeast-Snipes\.ivy2\cache\oro\oro\jars\oro-2.0.8.jar;C:\Users\Geovanni.TheBeast-Snipes\.ivy2\cache\org.xerial.snappy\snappy-java\bundles\snappy-java-1.1.2.jar;C:\Users\Geovanni.TheBeast-Snipes\.ivy2\cache\org.uncommons.maths\uncommons-maths\jars\uncommons-maths-1.2.2a.jar;C:\Users\G
Launcher Type: SUN_STANDARD

Environment Variables:
JAVA_HOME=C:\Program Files\Java\jre1.8.0_162
USERNAME=Geovanni
OS=Windows_NT
PROCESSOR_IDENTIFIER=Intel64 Family 6 Model 60 Stepping 3, GenuineIntel



---------------  S Y S T E M  ---------------

OS: Windows 10.0 , 64 bit Build 16299 (10.0.16299.15)

CPU:total 8 (initial active 8) (4 cores per cpu, 2 threads per core) family 6 model 60 stepping 3, cmov, cx8, fxsr, mmx, sse, sse2, sse3, ssse3, sse4.1, sse4.2, popcnt, avx, avx2, aes, clmul, erms, lzcnt, ht, tsc, tscinvbit, bmi1, bmi2

Memory: 4k page, physical 16658820k(7433100k free), swap 22950276k(11125704k free)

vm_info: Java HotSpot(TM) 64-Bit Server VM (25.161-b12) for windows-amd64 JRE (1.8.0_161-b12), built on Dec 19 2017 17:52:25 by "java_re" with MS VC++ 10.0 (VS2010)

time: Sat Mar 17 23:54:53 2018
elapsed time: 19 seconds (0d 0h 0m 19s)

